2016-05-05 14:46:24,511 INFO  [org.jboss.modules] (main) JBoss Modules version 1.4.3.Final
2016-05-05 14:46:25,024 INFO  [org.jboss.msc] (main) JBoss MSC version 1.2.6.Final
2016-05-05 14:46:25,393 INFO  [org.jboss.as] (MSC service thread 1-7) WFLYSRV0049: WildFly Full 9.0.2.Final (WildFly Core 1.0.2.Final) starting
2016-05-05 14:46:25,400 DEBUG [org.jboss.as.config] (MSC service thread 1-7) Configured system properties:
	[Server:SOAP-server-2] = 
	awt.toolkit = sun.awt.X11.XToolkit
	file.encoding = UTF-8
	file.encoding.pkg = sun.io
	file.separator = /
	java.awt.graphicsenv = sun.awt.X11GraphicsEnvironment
	java.awt.headless = true
	java.awt.printerjob = sun.print.PSPrinterJob
	java.class.path = /home/jurikolo/wf_cookbook/wildfly902/jboss-modules.jar
	java.class.version = 52.0
	java.endorsed.dirs = /opt/oracle/jdk1.8.0_45x64/jre/lib/endorsed
	java.ext.dirs = /opt/oracle/jdk1.8.0_45x64/jre/lib/ext:/usr/java/packages/lib/ext
	java.home = /opt/oracle/jdk1.8.0_45x64/jre
	java.io.tmpdir = /tmp
	java.library.path = /usr/java/packages/lib/amd64:/usr/lib64:/lib64:/lib:/usr/lib
	java.net.preferIPv4Stack = true
	java.runtime.name = Java(TM) SE Runtime Environment
	java.runtime.version = 1.8.0_45-b14
	java.specification.name = Java Platform API Specification
	java.specification.vendor = Oracle Corporation
	java.specification.version = 1.8
	java.util.logging.manager = org.jboss.logmanager.LogManager
	java.vendor = Oracle Corporation
	java.vendor.url = http://java.oracle.com/
	java.vendor.url.bug = http://bugreport.sun.com/bugreport/
	java.version = 1.8.0_45
	java.vm.info = mixed mode
	java.vm.name = Java HotSpot(TM) 64-Bit Server VM
	java.vm.specification.name = Java Virtual Machine Specification
	java.vm.specification.vendor = Oracle Corporation
	java.vm.specification.version = 1.8
	java.vm.vendor = Oracle Corporation
	java.vm.version = 25.45-b02
	javax.management.builder.initial = org.jboss.as.jmx.PluggableMBeanServerBuilder
	javax.xml.datatype.DatatypeFactory = __redirected.__DatatypeFactory
	javax.xml.parsers.DocumentBuilderFactory = __redirected.__DocumentBuilderFactory
	javax.xml.parsers.SAXParserFactory = __redirected.__SAXParserFactory
	javax.xml.stream.XMLEventFactory = __redirected.__XMLEventFactory
	javax.xml.stream.XMLInputFactory = __redirected.__XMLInputFactory
	javax.xml.stream.XMLOutputFactory = __redirected.__XMLOutputFactory
	javax.xml.transform.TransformerFactory = __redirected.__TransformerFactory
	javax.xml.validation.SchemaFactory:http://www.w3.org/2001/XMLSchema = __redirected.__SchemaFactory
	javax.xml.xpath.XPathFactory:http://java.sun.com/jaxp/xpath/dom = __redirected.__XPathFactory
	jboss.domain.base.dir = /home/jurikolo/wf_cookbook/wildfly902/cl-dmn2-host-2
	jboss.domain.config.dir = /home/jurikolo/wf_cookbook/wildfly902/cl-dmn2-host-2/configuration
	jboss.domain.master.address = 127.0.0.1
	jboss.home.dir = /home/jurikolo/wf_cookbook/wildfly902
	jboss.host.name = t2007030
	jboss.modules.dir = /home/jurikolo/wf_cookbook/wildfly902/modules
	jboss.modules.system.pkgs = org.jboss.byteman
	jboss.node.name = host-2:SOAP-server-2
	jboss.qualified.host.name = t2007030.tele2.net
	jboss.server.base.dir = /home/jurikolo/wf_cookbook/wildfly902/cl-dmn2-host-2/servers/SOAP-server-2
	jboss.server.config.dir = /home/jurikolo/wf_cookbook/wildfly902/cl-dmn2-host-2/servers/SOAP-server-2/configuration
	jboss.server.data.dir = /home/jurikolo/wf_cookbook/wildfly902/cl-dmn2-host-2/servers/SOAP-server-2/data
	jboss.server.deploy.dir = /home/jurikolo/wf_cookbook/wildfly902/cl-dmn2-host-2/servers/SOAP-server-2/data/content
	jboss.server.log.dir = /home/jurikolo/wf_cookbook/wildfly902/cl-dmn2-host-2/servers/SOAP-server-2/log
	jboss.server.name = SOAP-server-2
	jboss.server.persist.config = true
	jboss.server.temp.dir = /home/jurikolo/wf_cookbook/wildfly902/cl-dmn2-host-2/servers/SOAP-server-2/tmp
	line.separator = 

	logging.configuration = file:/home/jurikolo/wf_cookbook/wildfly902/cl-dmn2-host-2/configuration/default-server-logging.properties
	module.path = /home/jurikolo/wf_cookbook/wildfly902/modules
	org.jboss.boot.log.file = /home/jurikolo/wf_cookbook/wildfly902/cl-dmn2-host-2/servers/SOAP-server-2/log/server.log
	org.jboss.resolver.warning = true
	org.xml.sax.driver = __redirected.__XMLReaderFactory
	os.arch = amd64
	os.name = Linux
	os.version = 4.4.8-300.fc23.x86_64
	path.separator = :
	sun.arch.data.model = 64
	sun.boot.class.path = /opt/oracle/jdk1.8.0_45x64/jre/lib/resources.jar:/opt/oracle/jdk1.8.0_45x64/jre/lib/rt.jar:/opt/oracle/jdk1.8.0_45x64/jre/lib/sunrsasign.jar:/opt/oracle/jdk1.8.0_45x64/jre/lib/jsse.jar:/opt/oracle/jdk1.8.0_45x64/jre/lib/jce.jar:/opt/oracle/jdk1.8.0_45x64/jre/lib/charsets.jar:/opt/oracle/jdk1.8.0_45x64/jre/lib/jfr.jar:/opt/oracle/jdk1.8.0_45x64/jre/classes
	sun.boot.library.path = /opt/oracle/jdk1.8.0_45x64/jre/lib/amd64
	sun.cpu.endian = little
	sun.cpu.isalist = 
	sun.desktop = gnome
	sun.io.unicode.encoding = UnicodeLittle
	sun.java.command = /home/jurikolo/wf_cookbook/wildfly902/jboss-modules.jar -mp /home/jurikolo/wf_cookbook/wildfly902/modules org.jboss.as.server
	sun.java.launcher = SUN_STANDARD
	sun.jnu.encoding = UTF-8
	sun.management.compiler = HotSpot 64-Bit Tiered Compilers
	sun.os.patch.level = unknown
	user.country = US
	user.dir = /home/jurikolo/wf_cookbook/wildfly902
	user.home = /home/jurikolo
	user.language = en
	user.name = jurikolo
	user.timezone = Europe/Riga
2016-05-05 14:46:25,412 DEBUG [org.jboss.as.config] (MSC service thread 1-7) VM Arguments: -D[Server:SOAP-server-2] -Xms384m -Xmx384m -Djava.awt.headless=true -Djava.net.preferIPv4Stack=true -Djboss.domain.base.dir=cl-dmn2-host-2 -Djboss.domain.master.address=127.0.0.1 -Djboss.home.dir=/home/jurikolo/wf_cookbook/wildfly902 -Djboss.modules.system.pkgs=org.jboss.byteman -Djboss.server.log.dir=/home/jurikolo/wf_cookbook/wildfly902/cl-dmn2-host-2/servers/SOAP-server-2/log -Djboss.server.temp.dir=/home/jurikolo/wf_cookbook/wildfly902/cl-dmn2-host-2/servers/SOAP-server-2/tmp -Djboss.server.data.dir=/home/jurikolo/wf_cookbook/wildfly902/cl-dmn2-host-2/servers/SOAP-server-2/data -Dorg.jboss.boot.log.file=/home/jurikolo/wf_cookbook/wildfly902/cl-dmn2-host-2/servers/SOAP-server-2/log/server.log -Dlogging.configuration=file:/home/jurikolo/wf_cookbook/wildfly902/cl-dmn2-host-2/configuration/default-server-logging.properties 
2016-05-05 14:46:25,589 INFO  [org.xnio] (MSC service thread 1-1) XNIO version 3.3.1.Final
2016-05-05 14:46:25,614 INFO  [org.xnio.nio] (MSC service thread 1-1) XNIO NIO Implementation Version 3.3.1.Final
2016-05-05 14:46:25,654 INFO  [org.jboss.remoting] (MSC service thread 1-1) JBoss Remoting version 4.0.9.Final
2016-05-05 14:47:19,064 INFO  [org.jboss.as.controller.management-deprecated] (ServerService Thread Pool -- 10) WFLYCTL0028: Attribute 'default-stack' in the resource at address '/subsystem=jgroups' is deprecated, and may be removed in future version. See the attribute description in the output of the read-resource-description operation to learn more about the deprecation.
2016-05-05 14:47:19,066 INFO  [org.jboss.as.controller.management-deprecated] (ServerService Thread Pool -- 32) WFLYCTL0028: Attribute 'job-repository-type' in the resource at address '/subsystem=batch' is deprecated, and may be removed in future version. See the attribute description in the output of the read-resource-description operation to learn more about the deprecation.
2016-05-05 14:47:19,080 INFO  [org.jboss.as.controller.management-deprecated] (ServerService Thread Pool -- 30) WFLYCTL0028: Attribute 'enabled' in the resource at address '/subsystem=datasources/data-source=ExampleDS' is deprecated, and may be removed in future version. See the attribute description in the output of the read-resource-description operation to learn more about the deprecation.
2016-05-05 14:47:19,478 WARN  [org.jboss.as.txn] (ServerService Thread Pool -- 37) WFLYTX0013: Node identifier property is set to the default value. Please make sure it is unique.
2016-05-05 14:47:19,484 INFO  [org.jboss.as.security] (ServerService Thread Pool -- 39) WFLYSEC0002: Activating Security Subsystem
2016-05-05 14:47:19,533 INFO  [org.jboss.as.security] (MSC service thread 1-6) WFLYSEC0001: Current PicketBox version=4.9.2.Final
2016-05-05 14:47:19,534 INFO  [org.jboss.as.connector.subsystems.datasources] (ServerService Thread Pool -- 59) WFLYJCA0004: Deploying JDBC-compliant driver class org.h2.Driver (version 1.3)
2016-05-05 14:47:19,563 INFO  [org.wildfly.extension.undertow] (MSC service thread 1-3) WFLYUT0003: Undertow 1.2.9.Final starting
2016-05-05 14:47:19,572 INFO  [org.wildfly.extension.undertow] (ServerService Thread Pool -- 36) WFLYUT0003: Undertow 1.2.9.Final starting
2016-05-05 14:47:19,578 INFO  [org.jboss.as.jsf] (ServerService Thread Pool -- 48) WFLYJSF0007: Activated the following JSF Implementations: [main]
2016-05-05 14:47:19,583 INFO  [org.jboss.as.clustering.jgroups] (ServerService Thread Pool -- 51) WFLYCLJG0001: Activating JGroups subsystem.
2016-05-05 14:47:19,586 INFO  [org.jboss.as.naming] (ServerService Thread Pool -- 45) WFLYNAM0001: Activating Naming Subsystem
2016-05-05 14:47:19,596 INFO  [org.jboss.as.clustering.infinispan] (ServerService Thread Pool -- 55) WFLYCLINF0001: Activating Infinispan subsystem.
2016-05-05 14:47:19,608 INFO  [org.jboss.as.webservices] (ServerService Thread Pool -- 35) WFLYWS0002: Activating WebServices Extension
2016-05-05 14:47:19,615 INFO  [org.wildfly.extension.io] (ServerService Thread Pool -- 56) WFLYIO001: Worker 'default' has auto-configured to 8 core threads with 64 task threads based on your 4 available processors
2016-05-05 14:47:19,681 INFO  [org.jboss.as.connector] (MSC service thread 1-8) WFLYJCA0009: Starting JCA Subsystem (IronJacamar 1.2.5.Final)
2016-05-05 14:47:19,726 INFO  [org.jboss.as.connector.deployers.jdbc] (MSC service thread 1-5) WFLYJCA0018: Started Driver service with driver-name = h2
2016-05-05 14:47:19,827 INFO  [org.jboss.as.naming] (MSC service thread 1-7) WFLYNAM0003: Starting Naming Service
2016-05-05 14:47:19,837 INFO  [org.jboss.as.mail.extension] (MSC service thread 1-8) WFLYMAIL0001: Bound mail session [java:jboss/mail/Default]
2016-05-05 14:47:19,886 INFO  [org.wildfly.extension.undertow] (ServerService Thread Pool -- 36) WFLYUT0014: Creating file handler for path /home/jurikolo/wf_cookbook/wildfly902/welcome-content
2016-05-05 14:47:20,093 INFO  [org.wildfly.extension.undertow] (MSC service thread 1-7) WFLYUT0012: Started server default-server.
2016-05-05 14:47:20,115 INFO  [org.wildfly.extension.undertow] (MSC service thread 1-7) WFLYUT0018: Host default-host starting
2016-05-05 14:47:20,185 INFO  [org.wildfly.extension.undertow] (MSC service thread 1-4) WFLYUT0006: Undertow AJP listener ajp listening on /127.0.0.1:8409
2016-05-05 14:47:20,195 INFO  [org.wildfly.extension.undertow] (MSC service thread 1-8) WFLYUT0006: Undertow HTTP listener default listening on /127.0.0.1:8480
2016-05-05 14:47:20,228 INFO  [org.jboss.modcluster] (ServerService Thread Pool -- 62) MODCLUSTER000001: Initializing mod_cluster version 1.3.1.Final
2016-05-05 14:47:20,246 INFO  [org.jboss.modcluster] (ServerService Thread Pool -- 62) MODCLUSTER000032: Listening to proxy advertisements on /224.0.1.105:23364
2016-05-05 14:47:20,562 INFO  [org.jboss.as.server.deployment] (MSC service thread 1-4) WFLYSRV0027: Starting deployment of "cluster-test.war" (runtime-name: "cluster-test.war")
2016-05-05 14:47:20,594 INFO  [org.jboss.ws.common.management] (MSC service thread 1-1) JBWS022052: Starting JBoss Web Services - Stack CXF Server 5.0.0.Final
2016-05-05 14:47:21,366 WARNING [org.jgroups.protocols.UDP] (MSC service thread 1-3) JGRP000015: the send buffer of socket DatagramSocket was set to 640KB, but the OS only allocated 212.99KB. This might lead to performance problems. Please set your max send buffer in the OS correctly (e.g. net.core.wmem_max on Linux)
2016-05-05 14:47:21,367 WARNING [org.jgroups.protocols.UDP] (MSC service thread 1-3) JGRP000015: the receive buffer of socket DatagramSocket was set to 20MB, but the OS only allocated 212.99KB. This might lead to performance problems. Please set your max receive buffer in the OS correctly (e.g. net.core.rmem_max on Linux)
2016-05-05 14:47:21,367 WARNING [org.jgroups.protocols.UDP] (MSC service thread 1-3) JGRP000015: the send buffer of socket MulticastSocket was set to 640KB, but the OS only allocated 212.99KB. This might lead to performance problems. Please set your max send buffer in the OS correctly (e.g. net.core.wmem_max on Linux)
2016-05-05 14:47:21,368 WARNING [org.jgroups.protocols.UDP] (MSC service thread 1-3) JGRP000015: the receive buffer of socket MulticastSocket was set to 25MB, but the OS only allocated 212.99KB. This might lead to performance problems. Please set your max receive buffer in the OS correctly (e.g. net.core.rmem_max on Linux)
2016-05-05 14:47:21,375 INFO  [stdout] (MSC service thread 1-3) 
2016-05-05 14:47:21,375 INFO  [stdout] (MSC service thread 1-3) -------------------------------------------------------------------
2016-05-05 14:47:21,375 INFO  [stdout] (MSC service thread 1-3) GMS: address=host-2:SOAP-server-2, cluster=ee, physical address=127.0.0.1:55600
2016-05-05 14:47:21,376 INFO  [stdout] (MSC service thread 1-3) -------------------------------------------------------------------
2016-05-05 14:47:21,654 INFO  [org.infinispan.configuration.cache.EvictionConfigurationBuilder] (ServerService Thread Pool -- 62) ISPN000152: Passivation configured without an eviction policy being selected. Only manually evicted entities will be passivated.
2016-05-05 14:47:21,661 INFO  [org.infinispan.configuration.cache.EvictionConfigurationBuilder] (ServerService Thread Pool -- 62) ISPN000152: Passivation configured without an eviction policy being selected. Only manually evicted entities will be passivated.
2016-05-05 14:47:21,667 INFO  [org.infinispan.configuration.cache.EvictionConfigurationBuilder] (ServerService Thread Pool -- 63) ISPN000152: Passivation configured without an eviction policy being selected. Only manually evicted entities will be passivated.
2016-05-05 14:47:21,669 INFO  [org.infinispan.configuration.cache.EvictionConfigurationBuilder] (ServerService Thread Pool -- 63) ISPN000152: Passivation configured without an eviction policy being selected. Only manually evicted entities will be passivated.
2016-05-05 14:47:22,082 INFO  [org.infinispan.remoting.transport.jgroups.JGroupsTransport] (ServerService Thread Pool -- 62) ISPN000078: Starting JGroups channel web
2016-05-05 14:47:22,099 INFO  [org.infinispan.remoting.transport.jgroups.JGroupsTransport] (ServerService Thread Pool -- 62) ISPN000094: Received new cluster view for channel web: [host-1:REST-server-1|3] (4) [host-1:REST-server-1, host-2:REST-server-2, host-1:SOAP-server-1, host-2:SOAP-server-2]
2016-05-05 14:47:22,110 INFO  [org.infinispan.remoting.transport.jgroups.JGroupsTransport] (ServerService Thread Pool -- 62) ISPN000079: Channel web local address is host-2:SOAP-server-2, physical addresses are [127.0.0.1:55600]
2016-05-05 14:47:22,140 INFO  [org.infinispan.factories.GlobalComponentRegistry] (ServerService Thread Pool -- 62) ISPN000128: Infinispan version: Infinispan 'Insanely Bad Elf' 7.2.3.Final
2016-05-05 14:47:22,567 INFO  [org.jboss.as.clustering.infinispan] (ServerService Thread Pool -- 64) WFLYCLINF0002: Started cluster-test.war cache from web container
2016-05-05 14:47:22,606 INFO  [org.jboss.as.clustering.infinispan] (ServerService Thread Pool -- 62) WFLYCLINF0002: Started dist cache from web container
2016-05-05 14:48:10,387 INFO  [org.jboss.as.connector.subsystems.datasources] (MSC service thread 1-4) WFLYJCA0001: Bound data source [java:jboss/datasources/ExampleDS]
2016-05-05 14:48:10,674 INFO  [org.wildfly.extension.undertow] (ServerService Thread Pool -- 68) WFLYUT0021: Registered web context: /cluster-test
2016-05-05 14:48:10,738 INFO  [org.jboss.as.server] (Controller Boot Thread) WFLYSRV0010: Deployed "cluster-test.war" (runtime-name : "cluster-test.war")
2016-05-05 14:48:10,916 INFO  [org.jboss.as] (Controller Boot Thread) WFLYSRV0025: WildFly Full 9.0.2.Final (WildFly Core 1.0.2.Final) started in 106979ms - Started 327 of 508 services (281 services are lazy, passive or on-demand)
2016-05-05 14:50:24,008 INFO  [stdout] (default task-1) ********************************+
2016-05-05 14:50:24,010 INFO  [stdout] (default task-1) Visitor(s): 3
2016-05-05 14:50:24,010 INFO  [stdout] (default task-1) ********************************+
2016-05-05 14:50:41,741 INFO  [org.jboss.as.server] (Thread-2) WFLYSRV0220: Server shutdown has been requested.
2016-05-05 14:50:41,864 INFO  [org.wildfly.extension.undertow] (ServerService Thread Pool -- 74) WFLYUT0022: Unregistered web context: /cluster-test
2016-05-05 14:50:41,901 INFO  [org.jboss.as.connector.subsystems.datasources] (MSC service thread 1-2) WFLYJCA0010: Unbound data source [java:jboss/datasources/ExampleDS]
2016-05-05 14:50:42,024 INFO  [org.wildfly.extension.undertow] (MSC service thread 1-8) WFLYUT0019: Host default-host stopping
2016-05-05 14:50:41,950 INFO  [org.infinispan.eviction.impl.PassivationManagerImpl] (ServerService Thread Pool -- 77) ISPN000029: Passivating all entries to disk
2016-05-05 14:50:42,039 INFO  [org.jboss.modcluster] (ServerService Thread Pool -- 75) MODCLUSTER000002: Initiating mod_cluster shutdown
2016-05-05 14:50:42,062 INFO  [org.infinispan.eviction.impl.PassivationManagerImpl] (ServerService Thread Pool -- 77) ISPN000030: Passivated 1 entries in 111 milliseconds
2016-05-05 14:50:42,098 INFO  [org.jboss.as.connector.deployers.jdbc] (MSC service thread 1-8) WFLYJCA0019: Stopped Driver service with driver-name = h2
2016-05-05 14:50:42,176 INFO  [org.infinispan.remoting.transport.jgroups.JGroupsTransport] (Incoming-7,ee,host-2:SOAP-server-2) ISPN000094: Received new cluster view for channel web: [host-1:REST-server-1|4] (3) [host-1:REST-server-1, host-1:SOAP-server-1, host-2:SOAP-server-2]
2016-05-05 14:50:42,265 INFO  [org.jboss.as.clustering.infinispan] (ServerService Thread Pool -- 77) WFLYCLINF0003: Stopped cluster-test.war cache from web container
2016-05-05 14:50:42,386 INFO  [org.infinispan.eviction.impl.PassivationManagerImpl] (ServerService Thread Pool -- 78) ISPN000029: Passivating all entries to disk
2016-05-05 14:50:42,387 INFO  [org.infinispan.eviction.impl.PassivationManagerImpl] (ServerService Thread Pool -- 78) ISPN000030: Passivated 1 entries in 0 milliseconds
2016-05-05 14:50:42,400 INFO  [org.hibernate.validator.internal.util.Version] (MSC service thread 1-2) HV000001: Hibernate Validator 5.1.3.Final
2016-05-05 14:50:42,423 INFO  [org.jboss.as.clustering.infinispan] (ServerService Thread Pool -- 78) WFLYCLINF0003: Stopped dist cache from web container
2016-05-05 14:50:42,433 INFO  [org.infinispan.remoting.transport.jgroups.JGroupsTransport] (MSC service thread 1-1) ISPN000080: Disconnecting JGroups channel web
2016-05-05 14:50:42,434 INFO  [org.infinispan.remoting.transport.jgroups.JGroupsTransport] (MSC service thread 1-1) ISPN000082: Stopping the RpcDispatcher for channel web
2016-05-05 14:50:42,612 INFO  [org.jboss.as.server.deployment] (MSC service thread 1-5) WFLYSRV0028: Stopped deployment cluster-test.war (runtime-name: cluster-test.war) in 844ms
2016-05-05 14:50:42,619 INFO  [org.wildfly.extension.undertow] (MSC service thread 1-2) WFLYUT0008: Undertow AJP listener ajp suspending
2016-05-05 14:50:42,619 INFO  [org.wildfly.extension.undertow] (MSC service thread 1-7) WFLYUT0008: Undertow HTTP listener default suspending
2016-05-05 14:50:42,622 INFO  [org.wildfly.extension.undertow] (MSC service thread 1-7) WFLYUT0007: Undertow HTTP listener default stopped, was bound to /127.0.0.1:8480
2016-05-05 14:50:42,638 INFO  [org.wildfly.extension.undertow] (MSC service thread 1-2) WFLYUT0007: Undertow AJP listener ajp stopped, was bound to /127.0.0.1:8409
2016-05-05 14:50:42,640 INFO  [org.wildfly.extension.undertow] (MSC service thread 1-3) WFLYUT0004: Undertow 1.2.9.Final stopping
2016-05-05 14:50:42,717 INFO  [org.jboss.as] (MSC service thread 1-2) WFLYSRV0050: WildFly Full 9.0.2.Final (WildFly Core 1.0.2.Final) stopped in 949ms
2016-05-05 14:57:28,705 INFO  [org.jboss.modules] (main) JBoss Modules version 1.4.3.Final
2016-05-05 14:57:29,219 INFO  [org.jboss.msc] (main) JBoss MSC version 1.2.6.Final
2016-05-05 14:57:29,376 INFO  [org.jboss.as] (MSC service thread 1-7) WFLYSRV0049: WildFly Full 9.0.2.Final (WildFly Core 1.0.2.Final) starting
2016-05-05 14:57:29,378 DEBUG [org.jboss.as.config] (MSC service thread 1-7) Configured system properties:
	[Server:SOAP-server-2] = 
	awt.toolkit = sun.awt.X11.XToolkit
	file.encoding = UTF-8
	file.encoding.pkg = sun.io
	file.separator = /
	java.awt.graphicsenv = sun.awt.X11GraphicsEnvironment
	java.awt.headless = true
	java.awt.printerjob = sun.print.PSPrinterJob
	java.class.path = /home/jurikolo/wf_cookbook/wildfly902/jboss-modules.jar
	java.class.version = 52.0
	java.endorsed.dirs = /opt/oracle/jdk1.8.0_45x64/jre/lib/endorsed
	java.ext.dirs = /opt/oracle/jdk1.8.0_45x64/jre/lib/ext:/usr/java/packages/lib/ext
	java.home = /opt/oracle/jdk1.8.0_45x64/jre
	java.io.tmpdir = /tmp
	java.library.path = /usr/java/packages/lib/amd64:/usr/lib64:/lib64:/lib:/usr/lib
	java.net.preferIPv4Stack = true
	java.runtime.name = Java(TM) SE Runtime Environment
	java.runtime.version = 1.8.0_45-b14
	java.specification.name = Java Platform API Specification
	java.specification.vendor = Oracle Corporation
	java.specification.version = 1.8
	java.util.logging.manager = org.jboss.logmanager.LogManager
	java.vendor = Oracle Corporation
	java.vendor.url = http://java.oracle.com/
	java.vendor.url.bug = http://bugreport.sun.com/bugreport/
	java.version = 1.8.0_45
	java.vm.info = mixed mode
	java.vm.name = Java HotSpot(TM) 64-Bit Server VM
	java.vm.specification.name = Java Virtual Machine Specification
	java.vm.specification.vendor = Oracle Corporation
	java.vm.specification.version = 1.8
	java.vm.vendor = Oracle Corporation
	java.vm.version = 25.45-b02
	javax.management.builder.initial = org.jboss.as.jmx.PluggableMBeanServerBuilder
	javax.xml.datatype.DatatypeFactory = __redirected.__DatatypeFactory
	javax.xml.parsers.DocumentBuilderFactory = __redirected.__DocumentBuilderFactory
	javax.xml.parsers.SAXParserFactory = __redirected.__SAXParserFactory
	javax.xml.stream.XMLEventFactory = __redirected.__XMLEventFactory
	javax.xml.stream.XMLInputFactory = __redirected.__XMLInputFactory
	javax.xml.stream.XMLOutputFactory = __redirected.__XMLOutputFactory
	javax.xml.transform.TransformerFactory = __redirected.__TransformerFactory
	javax.xml.validation.SchemaFactory:http://www.w3.org/2001/XMLSchema = __redirected.__SchemaFactory
	javax.xml.xpath.XPathFactory:http://java.sun.com/jaxp/xpath/dom = __redirected.__XPathFactory
	jboss.default.multicast.address = 230.0.0.5
	jboss.domain.base.dir = /home/jurikolo/wf_cookbook/wildfly902/cl-dmn2-host-2
	jboss.domain.config.dir = /home/jurikolo/wf_cookbook/wildfly902/cl-dmn2-host-2/configuration
	jboss.domain.master.address = 127.0.0.1
	jboss.home.dir = /home/jurikolo/wf_cookbook/wildfly902
	jboss.host.name = t2007030
	jboss.modules.dir = /home/jurikolo/wf_cookbook/wildfly902/modules
	jboss.modules.system.pkgs = org.jboss.byteman
	jboss.node.name = host-2:SOAP-server-2
	jboss.qualified.host.name = t2007030.tele2.net
	jboss.server.base.dir = /home/jurikolo/wf_cookbook/wildfly902/cl-dmn2-host-2/servers/SOAP-server-2
	jboss.server.config.dir = /home/jurikolo/wf_cookbook/wildfly902/cl-dmn2-host-2/servers/SOAP-server-2/configuration
	jboss.server.data.dir = /home/jurikolo/wf_cookbook/wildfly902/cl-dmn2-host-2/servers/SOAP-server-2/data
	jboss.server.deploy.dir = /home/jurikolo/wf_cookbook/wildfly902/cl-dmn2-host-2/servers/SOAP-server-2/data/content
	jboss.server.log.dir = /home/jurikolo/wf_cookbook/wildfly902/cl-dmn2-host-2/servers/SOAP-server-2/log
	jboss.server.name = SOAP-server-2
	jboss.server.persist.config = true
	jboss.server.temp.dir = /home/jurikolo/wf_cookbook/wildfly902/cl-dmn2-host-2/servers/SOAP-server-2/tmp
	line.separator = 

	logging.configuration = file:/home/jurikolo/wf_cookbook/wildfly902/cl-dmn2-host-2/servers/SOAP-server-2/data/logging.properties
	module.path = /home/jurikolo/wf_cookbook/wildfly902/modules
	org.jboss.resolver.warning = true
	org.xml.sax.driver = __redirected.__XMLReaderFactory
	os.arch = amd64
	os.name = Linux
	os.version = 4.4.8-300.fc23.x86_64
	path.separator = :
	rest.multicast.address = 230.0.0.4
	soap.multicast.address = 230.0.0.5
	sun.arch.data.model = 64
	sun.boot.class.path = /opt/oracle/jdk1.8.0_45x64/jre/lib/resources.jar:/opt/oracle/jdk1.8.0_45x64/jre/lib/rt.jar:/opt/oracle/jdk1.8.0_45x64/jre/lib/sunrsasign.jar:/opt/oracle/jdk1.8.0_45x64/jre/lib/jsse.jar:/opt/oracle/jdk1.8.0_45x64/jre/lib/jce.jar:/opt/oracle/jdk1.8.0_45x64/jre/lib/charsets.jar:/opt/oracle/jdk1.8.0_45x64/jre/lib/jfr.jar:/opt/oracle/jdk1.8.0_45x64/jre/classes
	sun.boot.library.path = /opt/oracle/jdk1.8.0_45x64/jre/lib/amd64
	sun.cpu.endian = little
	sun.cpu.isalist = 
	sun.desktop = gnome
	sun.io.unicode.encoding = UnicodeLittle
	sun.java.command = /home/jurikolo/wf_cookbook/wildfly902/jboss-modules.jar -mp /home/jurikolo/wf_cookbook/wildfly902/modules org.jboss.as.server
	sun.java.launcher = SUN_STANDARD
	sun.jnu.encoding = UTF-8
	sun.management.compiler = HotSpot 64-Bit Tiered Compilers
	sun.os.patch.level = unknown
	user.country = US
	user.dir = /home/jurikolo/wf_cookbook/wildfly902
	user.home = /home/jurikolo
	user.language = en
	user.name = jurikolo
	user.timezone = Europe/Riga
2016-05-05 14:57:29,388 DEBUG [org.jboss.as.config] (MSC service thread 1-7) VM Arguments: -D[Server:SOAP-server-2] -Xms384m -Xmx384m -Djava.awt.headless=true -Djava.net.preferIPv4Stack=true -Djboss.default.multicast.address=230.0.0.5 -Djboss.domain.base.dir=cl-dmn2-host-2 -Djboss.domain.master.address=127.0.0.1 -Djboss.home.dir=/home/jurikolo/wf_cookbook/wildfly902 -Djboss.modules.system.pkgs=org.jboss.byteman -Drest.multicast.address=230.0.0.4 -Dsoap.multicast.address=230.0.0.5 -Djboss.server.log.dir=/home/jurikolo/wf_cookbook/wildfly902/cl-dmn2-host-2/servers/SOAP-server-2/log -Djboss.server.temp.dir=/home/jurikolo/wf_cookbook/wildfly902/cl-dmn2-host-2/servers/SOAP-server-2/tmp -Djboss.server.data.dir=/home/jurikolo/wf_cookbook/wildfly902/cl-dmn2-host-2/servers/SOAP-server-2/data -Dlogging.configuration=file:/home/jurikolo/wf_cookbook/wildfly902/cl-dmn2-host-2/servers/SOAP-server-2/data/logging.properties 
2016-05-05 14:57:29,526 INFO  [org.xnio] (MSC service thread 1-1) XNIO version 3.3.1.Final
2016-05-05 14:57:29,560 INFO  [org.xnio.nio] (MSC service thread 1-1) XNIO NIO Implementation Version 3.3.1.Final
2016-05-05 14:57:29,600 INFO  [org.jboss.remoting] (MSC service thread 1-1) JBoss Remoting version 4.0.9.Final
2016-05-05 14:58:22,201 INFO  [org.jboss.as.controller.management-deprecated] (ServerService Thread Pool -- 14) WFLYCTL0028: Attribute 'default-stack' in the resource at address '/subsystem=jgroups' is deprecated, and may be removed in future version. See the attribute description in the output of the read-resource-description operation to learn more about the deprecation.
2016-05-05 14:58:22,202 INFO  [org.jboss.as.controller.management-deprecated] (ServerService Thread Pool -- 23) WFLYCTL0028: Attribute 'job-repository-type' in the resource at address '/subsystem=batch' is deprecated, and may be removed in future version. See the attribute description in the output of the read-resource-description operation to learn more about the deprecation.
2016-05-05 14:58:22,210 INFO  [org.jboss.as.controller.management-deprecated] (ServerService Thread Pool -- 8) WFLYCTL0028: Attribute 'enabled' in the resource at address '/subsystem=datasources/data-source=ExampleDS' is deprecated, and may be removed in future version. See the attribute description in the output of the read-resource-description operation to learn more about the deprecation.
2016-05-05 14:58:22,495 WARN  [org.jboss.as.txn] (ServerService Thread Pool -- 37) WFLYTX0013: Node identifier property is set to the default value. Please make sure it is unique.
2016-05-05 14:58:22,496 INFO  [org.jboss.as.security] (ServerService Thread Pool -- 39) WFLYSEC0002: Activating Security Subsystem
2016-05-05 14:58:22,517 INFO  [org.jboss.as.security] (MSC service thread 1-8) WFLYSEC0001: Current PicketBox version=4.9.2.Final
2016-05-05 14:58:22,537 INFO  [org.jboss.as.clustering.jgroups] (ServerService Thread Pool -- 51) WFLYCLJG0001: Activating JGroups subsystem.
2016-05-05 14:58:22,547 INFO  [org.jboss.as.clustering.infinispan] (ServerService Thread Pool -- 55) WFLYCLINF0001: Activating Infinispan subsystem.
2016-05-05 14:58:22,561 INFO  [org.jboss.as.naming] (ServerService Thread Pool -- 45) WFLYNAM0001: Activating Naming Subsystem
2016-05-05 14:58:22,587 INFO  [org.jboss.as.jsf] (ServerService Thread Pool -- 48) WFLYJSF0007: Activated the following JSF Implementations: [main]
2016-05-05 14:58:22,617 INFO  [org.wildfly.extension.undertow] (MSC service thread 1-2) WFLYUT0003: Undertow 1.2.9.Final starting
2016-05-05 14:58:22,618 INFO  [org.jboss.as.webservices] (ServerService Thread Pool -- 35) WFLYWS0002: Activating WebServices Extension
2016-05-05 14:58:22,641 INFO  [org.wildfly.extension.io] (ServerService Thread Pool -- 56) WFLYIO001: Worker 'default' has auto-configured to 8 core threads with 64 task threads based on your 4 available processors
2016-05-05 14:58:22,646 INFO  [org.wildfly.extension.undertow] (ServerService Thread Pool -- 36) WFLYUT0003: Undertow 1.2.9.Final starting
2016-05-05 14:58:22,648 INFO  [org.jboss.as.connector.subsystems.datasources] (ServerService Thread Pool -- 59) WFLYJCA0004: Deploying JDBC-compliant driver class org.h2.Driver (version 1.3)
2016-05-05 14:58:22,694 INFO  [org.jboss.as.connector] (MSC service thread 1-5) WFLYJCA0009: Starting JCA Subsystem (IronJacamar 1.2.5.Final)
2016-05-05 14:58:22,786 INFO  [org.jboss.as.naming] (MSC service thread 1-6) WFLYNAM0003: Starting Naming Service
2016-05-05 14:58:22,786 INFO  [org.jboss.as.connector.deployers.jdbc] (MSC service thread 1-3) WFLYJCA0018: Started Driver service with driver-name = h2
2016-05-05 14:58:22,831 INFO  [org.jboss.as.mail.extension] (MSC service thread 1-5) WFLYMAIL0001: Bound mail session [java:jboss/mail/Default]
2016-05-05 14:58:22,922 INFO  [org.wildfly.extension.undertow] (ServerService Thread Pool -- 36) WFLYUT0014: Creating file handler for path /home/jurikolo/wf_cookbook/wildfly902/welcome-content
2016-05-05 14:58:23,043 INFO  [org.wildfly.extension.undertow] (MSC service thread 1-6) WFLYUT0012: Started server default-server.
2016-05-05 14:58:23,050 INFO  [org.wildfly.extension.undertow] (MSC service thread 1-8) WFLYUT0018: Host default-host starting
2016-05-05 14:58:23,132 INFO  [org.wildfly.extension.undertow] (MSC service thread 1-1) WFLYUT0006: Undertow AJP listener ajp listening on /127.0.0.1:8409
2016-05-05 14:58:23,151 INFO  [org.wildfly.extension.undertow] (MSC service thread 1-6) WFLYUT0006: Undertow HTTP listener default listening on /127.0.0.1:8480
2016-05-05 14:58:23,170 INFO  [org.jboss.modcluster] (ServerService Thread Pool -- 62) MODCLUSTER000001: Initializing mod_cluster version 1.3.1.Final
2016-05-05 14:58:23,199 INFO  [org.jboss.modcluster] (ServerService Thread Pool -- 62) MODCLUSTER000032: Listening to proxy advertisements on /224.0.1.105:23364
2016-05-05 14:58:23,544 INFO  [org.jboss.as.server.deployment] (MSC service thread 1-6) WFLYSRV0027: Starting deployment of "cluster-test.war" (runtime-name: "cluster-test.war")
2016-05-05 14:58:23,608 INFO  [org.jboss.ws.common.management] (MSC service thread 1-1) JBWS022052: Starting JBoss Web Services - Stack CXF Server 5.0.0.Final
2016-05-05 14:58:24,293 WARNING [org.jgroups.protocols.UDP] (MSC service thread 1-8) JGRP000015: the send buffer of socket DatagramSocket was set to 640KB, but the OS only allocated 212.99KB. This might lead to performance problems. Please set your max send buffer in the OS correctly (e.g. net.core.wmem_max on Linux)
2016-05-05 14:58:24,294 WARNING [org.jgroups.protocols.UDP] (MSC service thread 1-8) JGRP000015: the receive buffer of socket DatagramSocket was set to 20MB, but the OS only allocated 212.99KB. This might lead to performance problems. Please set your max receive buffer in the OS correctly (e.g. net.core.rmem_max on Linux)
2016-05-05 14:58:24,295 WARNING [org.jgroups.protocols.UDP] (MSC service thread 1-8) JGRP000015: the send buffer of socket MulticastSocket was set to 640KB, but the OS only allocated 212.99KB. This might lead to performance problems. Please set your max send buffer in the OS correctly (e.g. net.core.wmem_max on Linux)
2016-05-05 14:58:24,295 WARNING [org.jgroups.protocols.UDP] (MSC service thread 1-8) JGRP000015: the receive buffer of socket MulticastSocket was set to 25MB, but the OS only allocated 212.99KB. This might lead to performance problems. Please set your max receive buffer in the OS correctly (e.g. net.core.rmem_max on Linux)
2016-05-05 14:58:24,309 INFO  [stdout] (MSC service thread 1-8) 
2016-05-05 14:58:24,310 INFO  [stdout] (MSC service thread 1-8) -------------------------------------------------------------------
2016-05-05 14:58:24,313 INFO  [stdout] (MSC service thread 1-8) GMS: address=host-2:SOAP-server-2, cluster=ee, physical address=127.0.0.1:55600
2016-05-05 14:58:24,313 INFO  [stdout] (MSC service thread 1-8) -------------------------------------------------------------------
2016-05-05 14:58:24,608 INFO  [org.infinispan.configuration.cache.EvictionConfigurationBuilder] (ServerService Thread Pool -- 62) ISPN000152: Passivation configured without an eviction policy being selected. Only manually evicted entities will be passivated.
2016-05-05 14:58:24,615 INFO  [org.infinispan.configuration.cache.EvictionConfigurationBuilder] (ServerService Thread Pool -- 62) ISPN000152: Passivation configured without an eviction policy being selected. Only manually evicted entities will be passivated.
2016-05-05 14:58:24,624 INFO  [org.infinispan.configuration.cache.EvictionConfigurationBuilder] (ServerService Thread Pool -- 64) ISPN000152: Passivation configured without an eviction policy being selected. Only manually evicted entities will be passivated.
2016-05-05 14:58:24,625 INFO  [org.infinispan.configuration.cache.EvictionConfigurationBuilder] (ServerService Thread Pool -- 64) ISPN000152: Passivation configured without an eviction policy being selected. Only manually evicted entities will be passivated.
2016-05-05 14:58:24,900 INFO  [org.infinispan.remoting.transport.jgroups.JGroupsTransport] (ServerService Thread Pool -- 63) ISPN000078: Starting JGroups channel web
2016-05-05 14:58:24,913 INFO  [org.infinispan.remoting.transport.jgroups.JGroupsTransport] (ServerService Thread Pool -- 63) ISPN000094: Received new cluster view for channel web: [host-1:SOAP-server-1|1] (2) [host-1:SOAP-server-1, host-2:SOAP-server-2]
2016-05-05 14:58:24,928 INFO  [org.infinispan.remoting.transport.jgroups.JGroupsTransport] (ServerService Thread Pool -- 63) ISPN000079: Channel web local address is host-2:SOAP-server-2, physical addresses are [127.0.0.1:55600]
2016-05-05 14:58:24,979 INFO  [org.infinispan.factories.GlobalComponentRegistry] (ServerService Thread Pool -- 63) ISPN000128: Infinispan version: Infinispan 'Insanely Bad Elf' 7.2.3.Final
2016-05-05 14:58:25,455 INFO  [org.jboss.as.clustering.infinispan] (ServerService Thread Pool -- 64) WFLYCLINF0002: Started cluster-test.war cache from web container
2016-05-05 14:58:25,480 INFO  [org.jboss.as.clustering.infinispan] (ServerService Thread Pool -- 63) WFLYCLINF0002: Started dist cache from web container
2016-05-05 14:59:13,371 INFO  [org.jboss.as.connector.subsystems.datasources] (MSC service thread 1-4) WFLYJCA0001: Bound data source [java:jboss/datasources/ExampleDS]
2016-05-05 14:59:13,645 INFO  [org.wildfly.extension.undertow] (ServerService Thread Pool -- 67) WFLYUT0021: Registered web context: /cluster-test
2016-05-05 14:59:13,691 INFO  [org.jboss.as.server] (Controller Boot Thread) WFLYSRV0010: Deployed "cluster-test.war" (runtime-name : "cluster-test.war")
2016-05-05 14:59:13,819 INFO  [org.jboss.as] (Controller Boot Thread) WFLYSRV0025: WildFly Full 9.0.2.Final (WildFly Core 1.0.2.Final) started in 106094ms - Started 327 of 508 services (281 services are lazy, passive or on-demand)
2016-05-05 14:59:33,274 INFO  [stdout] (default task-1) ********************************+
2016-05-05 14:59:33,275 INFO  [stdout] (default task-1) Visitor(s): 0
2016-05-05 14:59:33,275 INFO  [stdout] (default task-1) ********************************+
2016-05-05 15:01:09,281 INFO  [stdout] (default task-2) ********************************+
2016-05-05 15:01:09,282 INFO  [stdout] (default task-2) Visitor(s): 1
2016-05-05 15:01:09,282 INFO  [stdout] (default task-2) ********************************+
2016-05-05 15:01:16,148 INFO  [stdout] (default task-3) ********************************+
2016-05-05 15:01:16,149 INFO  [stdout] (default task-3) Visitor(s): 0
2016-05-05 15:01:16,149 INFO  [stdout] (default task-3) ********************************+
2016-05-05 15:02:53,989 INFO  [stdout] (default task-4) ********************************+
2016-05-05 15:02:53,989 INFO  [stdout] (default task-4) Visitor(s): 2
2016-05-05 15:02:53,990 INFO  [stdout] (default task-4) ********************************+
2016-05-05 15:04:57,902 INFO  [org.jboss.as.server] (Thread-2) WFLYSRV0220: Server shutdown has been requested.
2016-05-05 15:04:57,948 INFO  [org.wildfly.extension.undertow] (ServerService Thread Pool -- 69) WFLYUT0022: Unregistered web context: /cluster-test
2016-05-05 15:04:58,036 INFO  [org.jboss.as.connector.subsystems.datasources] (MSC service thread 1-5) WFLYJCA0010: Unbound data source [java:jboss/datasources/ExampleDS]
2016-05-05 15:04:58,043 INFO  [org.wildfly.extension.undertow] (MSC service thread 1-3) WFLYUT0019: Host default-host stopping
2016-05-05 15:04:58,044 INFO  [org.infinispan.eviction.impl.PassivationManagerImpl] (ServerService Thread Pool -- 69) ISPN000029: Passivating all entries to disk
2016-05-05 15:04:58,004 INFO  [org.infinispan.eviction.impl.PassivationManagerImpl] (ServerService Thread Pool -- 75) ISPN000029: Passivating all entries to disk
2016-05-05 15:04:58,046 INFO  [org.jboss.modcluster] (ServerService Thread Pool -- 73) MODCLUSTER000002: Initiating mod_cluster shutdown
2016-05-05 15:04:58,059 INFO  [org.infinispan.eviction.impl.PassivationManagerImpl] (ServerService Thread Pool -- 69) ISPN000030: Passivated 1 entries in 15 milliseconds
2016-05-05 15:04:58,060 INFO  [org.jboss.as.connector.deployers.jdbc] (MSC service thread 1-3) WFLYJCA0019: Stopped Driver service with driver-name = h2
2016-05-05 15:04:58,062 INFO  [org.infinispan.eviction.impl.PassivationManagerImpl] (ServerService Thread Pool -- 75) ISPN000030: Passivated 8 entries in 57 milliseconds
2016-05-05 15:04:58,099 INFO  [org.jboss.as.clustering.infinispan] (ServerService Thread Pool -- 75) WFLYCLINF0003: Stopped cluster-test.war cache from web container
2016-05-05 15:04:58,113 INFO  [org.jboss.as.clustering.infinispan] (ServerService Thread Pool -- 69) WFLYCLINF0003: Stopped dist cache from web container
2016-05-05 15:04:58,117 INFO  [org.infinispan.remoting.transport.jgroups.JGroupsTransport] (MSC service thread 1-5) ISPN000080: Disconnecting JGroups channel web
2016-05-05 15:04:58,118 INFO  [org.infinispan.remoting.transport.jgroups.JGroupsTransport] (MSC service thread 1-5) ISPN000082: Stopping the RpcDispatcher for channel web
2016-05-05 15:04:58,168 INFO  [org.hibernate.validator.internal.util.Version] (MSC service thread 1-2) HV000001: Hibernate Validator 5.1.3.Final
2016-05-05 15:04:58,283 INFO  [org.wildfly.extension.undertow] (MSC service thread 1-1) WFLYUT0008: Undertow HTTP listener default suspending
2016-05-05 15:04:58,284 INFO  [org.wildfly.extension.undertow] (MSC service thread 1-1) WFLYUT0007: Undertow HTTP listener default stopped, was bound to /127.0.0.1:8480
2016-05-05 15:04:58,284 INFO  [org.wildfly.extension.undertow] (MSC service thread 1-1) WFLYUT0008: Undertow AJP listener ajp suspending
2016-05-05 15:04:58,285 INFO  [org.wildfly.extension.undertow] (MSC service thread 1-1) WFLYUT0007: Undertow AJP listener ajp stopped, was bound to /127.0.0.1:8409
2016-05-05 15:04:58,286 INFO  [org.wildfly.extension.undertow] (MSC service thread 1-7) WFLYUT0004: Undertow 1.2.9.Final stopping
2016-05-05 15:04:58,290 INFO  [org.jboss.as.server.deployment] (MSC service thread 1-5) WFLYSRV0028: Stopped deployment cluster-test.war (runtime-name: cluster-test.war) in 380ms
2016-05-05 15:04:58,331 INFO  [org.jboss.as] (MSC service thread 1-1) WFLYSRV0050: WildFly Full 9.0.2.Final (WildFly Core 1.0.2.Final) stopped in 420ms
