2016-05-01 16:11:58,145 INFO  [org.jboss.as.clustering.infinispan] (ServerService Thread Pool -- 40) WFLYCLINF0001: Activating Infinispan subsystem.
2016-05-01 16:11:58,166 INFO  [org.jboss.as.connector.subsystems.datasources] (ServerService Thread Pool -- 35) WFLYJCA0004: Deploying JDBC-compliant driver class org.h2.Driver (version 1.3)
2016-05-01 16:11:58,174 INFO  [org.jboss.as.connector] (MSC service thread 1-6) WFLYJCA0009: Starting JCA Subsystem (IronJacamar 1.2.5.Final)
2016-05-01 16:11:58,187 INFO  [org.jboss.as.clustering.jgroups] (ServerService Thread Pool -- 44) WFLYCLJG0001: Activating JGroups subsystem.
2016-05-01 16:11:58,199 INFO  [org.jboss.as.naming] (ServerService Thread Pool -- 50) WFLYNAM0001: Activating Naming Subsystem
2016-05-01 16:11:58,209 INFO  [org.jboss.as.connector.deployers.jdbc] (MSC service thread 1-3) WFLYJCA0018: Started Driver service with driver-name = h2
2016-05-01 16:11:58,218 INFO  [org.jboss.as.jsf] (ServerService Thread Pool -- 47) WFLYJSF0007: Activated the following JSF Implementations: [main]
2016-05-01 16:11:58,223 INFO  [org.jboss.as.security] (ServerService Thread Pool -- 57) WFLYSEC0002: Activating Security Subsystem
2016-05-01 16:11:58,225 INFO  [org.wildfly.extension.io] (ServerService Thread Pool -- 39) WFLYIO001: Worker 'default' has auto-configured to 8 core threads with 64 task threads based on your 4 available processors
2016-05-01 16:11:58,234 WARN  [org.jboss.as.txn] (ServerService Thread Pool -- 58) WFLYTX0013: Node identifier property is set to the default value. Please make sure it is unique.
2016-05-01 16:11:58,401 INFO  [org.jboss.as.security] (MSC service thread 1-5) WFLYSEC0001: Current PicketBox version=4.9.2.Final
2016-05-01 16:11:58,442 INFO  [org.jboss.as.webservices] (ServerService Thread Pool -- 60) WFLYWS0002: Activating WebServices Extension
2016-05-01 16:11:58,446 INFO  [org.jboss.as.naming] (MSC service thread 1-6) WFLYNAM0003: Starting Naming Service
2016-05-01 16:11:58,446 INFO  [org.jboss.as.mail.extension] (MSC service thread 1-6) WFLYMAIL0001: Bound mail session [java:jboss/mail/Default]
2016-05-01 16:11:58,452 INFO  [org.wildfly.extension.undertow] (MSC service thread 1-7) WFLYUT0003: Undertow 1.2.9.Final starting
2016-05-01 16:11:58,453 INFO  [org.wildfly.extension.undertow] (ServerService Thread Pool -- 59) WFLYUT0003: Undertow 1.2.9.Final starting
2016-05-01 16:11:58,483 INFO  [org.jboss.remoting] (MSC service thread 1-8) JBoss Remoting version 4.0.9.Final
2016-05-01 16:11:58,581 INFO  [org.wildfly.extension.undertow] (ServerService Thread Pool -- 59) WFLYUT0014: Creating file handler for path /home/jurikolo/wf_cookbook/wildfly902/welcome-content
2016-05-01 16:11:58,590 INFO  [org.wildfly.extension.undertow] (MSC service thread 1-8) WFLYUT0012: Started server default-server.
2016-05-01 16:11:58,656 INFO  [org.wildfly.extension.undertow] (MSC service thread 1-1) WFLYUT0018: Host default-host starting
2016-05-01 16:11:58,688 INFO  [org.wildfly.extension.undertow] (MSC service thread 1-3) WFLYUT0006: Undertow HTTP listener default listening on /127.0.0.1:8280
2016-05-01 16:11:58,698 INFO  [org.wildfly.extension.undertow] (MSC service thread 1-8) WFLYUT0006: Undertow AJP listener ajp listening on /127.0.0.1:8209
2016-05-01 16:11:58,703 INFO  [org.jboss.modcluster] (ServerService Thread Pool -- 62) MODCLUSTER000001: Initializing mod_cluster version 1.3.1.Final
2016-05-01 16:11:58,722 INFO  [org.jboss.modcluster] (ServerService Thread Pool -- 62) MODCLUSTER000032: Listening to proxy advertisements on /224.0.1.105:23364
2016-05-01 16:11:58,945 INFO  [org.jboss.as.server.deployment] (MSC service thread 1-1) WFLYSRV0027: Starting deployment of "example.war" (runtime-name: "example.war")
2016-05-01 16:11:58,946 INFO  [org.jboss.as.server.deployment] (MSC service thread 1-7) WFLYSRV0027: Starting deployment of "cluster-test.war" (runtime-name: "cluster-test.war")
2016-05-01 16:11:58,955 INFO  [org.jboss.as.server.deployment.scanner] (MSC service thread 1-8) WFLYDS0013: Started FileSystemDeploymentService for directory /home/jurikolo/wf_cookbook/wildfly902/cl-std-node-2/deployments
2016-05-01 16:11:59,132 INFO  [org.jboss.ws.common.management] (MSC service thread 1-4) JBWS022052: Starting JBoss Web Services - Stack CXF Server 5.0.0.Final
2016-05-01 16:11:59,806 WARNING [org.jgroups.protocols.UDP] (MSC service thread 1-3) JGRP000015: the send buffer of socket DatagramSocket was set to 640KB, but the OS only allocated 212.99KB. This might lead to performance problems. Please set your max send buffer in the OS correctly (e.g. net.core.wmem_max on Linux)
2016-05-01 16:11:59,807 WARNING [org.jgroups.protocols.UDP] (MSC service thread 1-3) JGRP000015: the receive buffer of socket DatagramSocket was set to 20MB, but the OS only allocated 212.99KB. This might lead to performance problems. Please set your max receive buffer in the OS correctly (e.g. net.core.rmem_max on Linux)
2016-05-01 16:11:59,807 WARNING [org.jgroups.protocols.UDP] (MSC service thread 1-3) JGRP000015: the send buffer of socket MulticastSocket was set to 640KB, but the OS only allocated 212.99KB. This might lead to performance problems. Please set your max send buffer in the OS correctly (e.g. net.core.wmem_max on Linux)
2016-05-01 16:11:59,808 WARNING [org.jgroups.protocols.UDP] (MSC service thread 1-3) JGRP000015: the receive buffer of socket MulticastSocket was set to 25MB, but the OS only allocated 212.99KB. This might lead to performance problems. Please set your max receive buffer in the OS correctly (e.g. net.core.rmem_max on Linux)
2016-05-01 16:11:59,814 INFO  [stdout] (MSC service thread 1-3) 
2016-05-01 16:11:59,817 INFO  [stdout] (MSC service thread 1-3) -------------------------------------------------------------------
2016-05-01 16:11:59,817 INFO  [stdout] (MSC service thread 1-3) GMS: address=node-2, cluster=ee, physical address=127.0.0.1:55400
2016-05-01 16:11:59,817 INFO  [stdout] (MSC service thread 1-3) -------------------------------------------------------------------
2016-05-01 16:12:00,074 INFO  [org.infinispan.configuration.cache.EvictionConfigurationBuilder] (ServerService Thread Pool -- 62) ISPN000152: Passivation configured without an eviction policy being selected. Only manually evicted entities will be passivated.
2016-05-01 16:12:00,079 INFO  [org.infinispan.configuration.cache.EvictionConfigurationBuilder] (ServerService Thread Pool -- 62) ISPN000152: Passivation configured without an eviction policy being selected. Only manually evicted entities will be passivated.
2016-05-01 16:12:00,081 INFO  [org.infinispan.configuration.cache.EvictionConfigurationBuilder] (ServerService Thread Pool -- 63) ISPN000152: Passivation configured without an eviction policy being selected. Only manually evicted entities will be passivated.
2016-05-01 16:12:00,083 INFO  [org.infinispan.configuration.cache.EvictionConfigurationBuilder] (ServerService Thread Pool -- 63) ISPN000152: Passivation configured without an eviction policy being selected. Only manually evicted entities will be passivated.
2016-05-01 16:12:00,165 INFO  [org.infinispan.remoting.transport.jgroups.JGroupsTransport] (ServerService Thread Pool -- 62) ISPN000078: Starting JGroups channel web
2016-05-01 16:12:00,374 INFO  [org.infinispan.remoting.transport.jgroups.JGroupsTransport] (ServerService Thread Pool -- 62) ISPN000094: Received new cluster view for channel web: [node-1|1] (2) [node-1, node-2]
2016-05-01 16:12:00,385 INFO  [org.infinispan.remoting.transport.jgroups.JGroupsTransport] (ServerService Thread Pool -- 62) ISPN000079: Channel web local address is node-2, physical addresses are [127.0.0.1:55400]
2016-05-01 16:12:00,436 INFO  [org.infinispan.factories.GlobalComponentRegistry] (ServerService Thread Pool -- 62) ISPN000128: Infinispan version: Infinispan 'Insanely Bad Elf' 7.2.3.Final
2016-05-01 16:12:00,802 INFO  [org.jboss.as.clustering.infinispan] (ServerService Thread Pool -- 62) WFLYCLINF0002: Started dist cache from web container
2016-05-01 16:12:00,820 INFO  [org.jboss.as.clustering.infinispan] (ServerService Thread Pool -- 63) WFLYCLINF0002: Started cluster-test.war cache from web container
2016-05-01 16:12:48,869 INFO  [org.jboss.as.connector.subsystems.datasources] (MSC service thread 1-6) WFLYJCA0001: Bound data source [java:jboss/datasources/ExampleDS]
2016-05-01 16:12:49,023 INFO  [org.wildfly.extension.undertow] (ServerService Thread Pool -- 73) WFLYUT0021: Registered web context: /example
2016-05-01 16:12:49,039 INFO  [org.wildfly.extension.undertow] (ServerService Thread Pool -- 69) WFLYUT0021: Registered web context: /cluster-test
2016-05-01 16:12:49,099 INFO  [org.jboss.as.server] (ServerService Thread Pool -- 36) WFLYSRV0010: Deployed "example.war" (runtime-name : "example.war")
2016-05-01 16:12:49,100 INFO  [org.jboss.as.server] (ServerService Thread Pool -- 36) WFLYSRV0010: Deployed "cluster-test.war" (runtime-name : "cluster-test.war")
2016-05-01 16:12:49,268 INFO  [org.jboss.as] (Controller Boot Thread) WFLYSRV0060: Http management interface listening on http://127.0.0.1:10190/management
2016-05-01 16:12:49,269 INFO  [org.jboss.as] (Controller Boot Thread) WFLYSRV0051: Admin console listening on http://127.0.0.1:10190
2016-05-01 16:12:49,269 INFO  [org.jboss.as] (Controller Boot Thread) WFLYSRV0025: WildFly Full 9.0.2.Final (WildFly Core 1.0.2.Final) started in 53166ms - Started 405 of 592 services (296 services are lazy, passive or on-demand)
2016-05-01 16:13:01,088 INFO  [stdout] (default task-5) ********************************+
2016-05-01 16:13:01,088 INFO  [stdout] (default task-5) Visitor(s): 6
2016-05-01 16:13:01,088 INFO  [stdout] (default task-5) ********************************+
