2016-05-05 14:32:39,414 INFO  [org.jboss.modules] (main) JBoss Modules version 1.4.3.Final
2016-05-05 14:32:39,590 INFO  [org.jboss.msc] (main) JBoss MSC version 1.2.6.Final
2016-05-05 14:32:39,659 INFO  [org.jboss.as] (MSC service thread 1-6) WFLYSRV0049: WildFly Full 9.0.2.Final (WildFly Core 1.0.2.Final) starting
2016-05-05 14:32:39,660 DEBUG [org.jboss.as.config] (MSC service thread 1-6) Configured system properties:
	[Server:REST-server-1] = 
	awt.toolkit = sun.awt.X11.XToolkit
	file.encoding = UTF-8
	file.encoding.pkg = sun.io
	file.separator = /
	java.awt.graphicsenv = sun.awt.X11GraphicsEnvironment
	java.awt.headless = true
	java.awt.printerjob = sun.print.PSPrinterJob
	java.class.path = /home/jurikolo/wf_cookbook/wildfly902/jboss-modules.jar
	java.class.version = 52.0
	java.endorsed.dirs = /opt/oracle/jdk1.8.0_45x64/jre/lib/endorsed
	java.ext.dirs = /opt/oracle/jdk1.8.0_45x64/jre/lib/ext:/usr/java/packages/lib/ext
	java.home = /opt/oracle/jdk1.8.0_45x64/jre
	java.io.tmpdir = /tmp
	java.library.path = /usr/java/packages/lib/amd64:/usr/lib64:/lib64:/lib:/usr/lib
	java.net.preferIPv4Stack = true
	java.runtime.name = Java(TM) SE Runtime Environment
	java.runtime.version = 1.8.0_45-b14
	java.specification.name = Java Platform API Specification
	java.specification.vendor = Oracle Corporation
	java.specification.version = 1.8
	java.util.logging.manager = org.jboss.logmanager.LogManager
	java.vendor = Oracle Corporation
	java.vendor.url = http://java.oracle.com/
	java.vendor.url.bug = http://bugreport.sun.com/bugreport/
	java.version = 1.8.0_45
	java.vm.info = mixed mode
	java.vm.name = Java HotSpot(TM) 64-Bit Server VM
	java.vm.specification.name = Java Virtual Machine Specification
	java.vm.specification.vendor = Oracle Corporation
	java.vm.specification.version = 1.8
	java.vm.vendor = Oracle Corporation
	java.vm.version = 25.45-b02
	javax.management.builder.initial = org.jboss.as.jmx.PluggableMBeanServerBuilder
	javax.xml.datatype.DatatypeFactory = __redirected.__DatatypeFactory
	javax.xml.parsers.DocumentBuilderFactory = __redirected.__DocumentBuilderFactory
	javax.xml.parsers.SAXParserFactory = __redirected.__SAXParserFactory
	javax.xml.stream.XMLEventFactory = __redirected.__XMLEventFactory
	javax.xml.stream.XMLInputFactory = __redirected.__XMLInputFactory
	javax.xml.stream.XMLOutputFactory = __redirected.__XMLOutputFactory
	javax.xml.transform.TransformerFactory = __redirected.__TransformerFactory
	javax.xml.validation.SchemaFactory:http://www.w3.org/2001/XMLSchema = __redirected.__SchemaFactory
	javax.xml.xpath.XPathFactory:http://java.sun.com/jaxp/xpath/dom = __redirected.__XPathFactory
	jboss.domain.base.dir = /home/jurikolo/wf_cookbook/wildfly902/cl-dmn-host-1
	jboss.domain.config.dir = /home/jurikolo/wf_cookbook/wildfly902/cl-dmn-host-1/configuration
	jboss.domain.master.address = 127.0.0.1
	jboss.home.dir = /home/jurikolo/wf_cookbook/wildfly902
	jboss.host.name = t2007030
	jboss.modules.dir = /home/jurikolo/wf_cookbook/wildfly902/modules
	jboss.modules.system.pkgs = org.jboss.byteman
	jboss.node.name = host-1:REST-server-1
	jboss.qualified.host.name = t2007030.tele2.net
	jboss.server.base.dir = /home/jurikolo/wf_cookbook/wildfly902/cl-dmn-host-1/servers/REST-server-1
	jboss.server.config.dir = /home/jurikolo/wf_cookbook/wildfly902/cl-dmn-host-1/servers/REST-server-1/configuration
	jboss.server.data.dir = /home/jurikolo/wf_cookbook/wildfly902/cl-dmn-host-1/servers/REST-server-1/data
	jboss.server.deploy.dir = /home/jurikolo/wf_cookbook/wildfly902/cl-dmn-host-1/servers/REST-server-1/data/content
	jboss.server.log.dir = /home/jurikolo/wf_cookbook/wildfly902/cl-dmn-host-1/servers/REST-server-1/log
	jboss.server.name = REST-server-1
	jboss.server.persist.config = true
	jboss.server.temp.dir = /home/jurikolo/wf_cookbook/wildfly902/cl-dmn-host-1/servers/REST-server-1/tmp
	line.separator = 

	logging.configuration = file:/home/jurikolo/wf_cookbook/wildfly902/cl-dmn-host-1/servers/REST-server-1/data/logging.properties
	module.path = /home/jurikolo/wf_cookbook/wildfly902/modules
	org.jboss.resolver.warning = true
	org.xml.sax.driver = __redirected.__XMLReaderFactory
	os.arch = amd64
	os.name = Linux
	os.version = 4.4.8-300.fc23.x86_64
	path.separator = :
	sun.arch.data.model = 64
	sun.boot.class.path = /opt/oracle/jdk1.8.0_45x64/jre/lib/resources.jar:/opt/oracle/jdk1.8.0_45x64/jre/lib/rt.jar:/opt/oracle/jdk1.8.0_45x64/jre/lib/sunrsasign.jar:/opt/oracle/jdk1.8.0_45x64/jre/lib/jsse.jar:/opt/oracle/jdk1.8.0_45x64/jre/lib/jce.jar:/opt/oracle/jdk1.8.0_45x64/jre/lib/charsets.jar:/opt/oracle/jdk1.8.0_45x64/jre/lib/jfr.jar:/opt/oracle/jdk1.8.0_45x64/jre/classes
	sun.boot.library.path = /opt/oracle/jdk1.8.0_45x64/jre/lib/amd64
	sun.cpu.endian = little
	sun.cpu.isalist = 
	sun.desktop = gnome
	sun.io.unicode.encoding = UnicodeLittle
	sun.java.command = /home/jurikolo/wf_cookbook/wildfly902/jboss-modules.jar -mp /home/jurikolo/wf_cookbook/wildfly902/modules org.jboss.as.server
	sun.java.launcher = SUN_STANDARD
	sun.jnu.encoding = UTF-8
	sun.management.compiler = HotSpot 64-Bit Tiered Compilers
	sun.os.patch.level = unknown
	user.country = US
	user.dir = /home/jurikolo/wf_cookbook/wildfly902
	user.home = /home/jurikolo
	user.language = en
	user.name = jurikolo
	user.timezone = Europe/Riga
2016-05-05 14:32:39,661 DEBUG [org.jboss.as.config] (MSC service thread 1-6) VM Arguments: -D[Server:REST-server-1] -Xms384m -Xmx384m -Djava.awt.headless=true -Djava.net.preferIPv4Stack=true -Djboss.domain.base.dir=cl-dmn-host-1 -Djboss.domain.master.address=127.0.0.1 -Djboss.home.dir=/home/jurikolo/wf_cookbook/wildfly902 -Djboss.modules.system.pkgs=org.jboss.byteman -Djboss.server.log.dir=/home/jurikolo/wf_cookbook/wildfly902/cl-dmn-host-1/servers/REST-server-1/log -Djboss.server.temp.dir=/home/jurikolo/wf_cookbook/wildfly902/cl-dmn-host-1/servers/REST-server-1/tmp -Djboss.server.data.dir=/home/jurikolo/wf_cookbook/wildfly902/cl-dmn-host-1/servers/REST-server-1/data -Dlogging.configuration=file:/home/jurikolo/wf_cookbook/wildfly902/cl-dmn-host-1/servers/REST-server-1/data/logging.properties 
2016-05-05 14:32:39,712 INFO  [org.xnio] (MSC service thread 1-6) XNIO version 3.3.1.Final
2016-05-05 14:32:39,721 INFO  [org.xnio.nio] (MSC service thread 1-6) XNIO NIO Implementation Version 3.3.1.Final
2016-05-05 14:32:39,740 INFO  [org.jboss.remoting] (MSC service thread 1-6) JBoss Remoting version 4.0.9.Final
2016-05-05 14:33:40,029 INFO  [org.jboss.as.server] (Thread-2) WFLYSRV0220: Server shutdown has been requested.
2016-05-05 14:33:40,029 ERROR [org.jboss.msc.service.fail] (ServerService Thread Pool -- 2) MSC000001: Failed to start service jboss.server-boot-operations: org.jboss.msc.service.StartException in service jboss.server-boot-operations: java.net.ConnectException: WFLYPRT0023: Could not connect to remote://127.0.0.1:19999. The connection timed out
	at org.jboss.as.server.mgmt.domain.ServerBootOperationsService$1.run(ServerBootOperationsService.java:72)
	at java.util.concurrent.ThreadPoolExecutor.runWorker(ThreadPoolExecutor.java:1142)
	at java.util.concurrent.ThreadPoolExecutor$Worker.run(ThreadPoolExecutor.java:617)
	at java.lang.Thread.run(Thread.java:745)
	at org.jboss.threads.JBossThread.run(JBossThread.java:320)
Caused by: java.net.ConnectException: WFLYPRT0023: Could not connect to remote://127.0.0.1:19999. The connection timed out
	at org.jboss.as.protocol.ProtocolConnectionUtils.connectSync(ProtocolConnectionUtils.java:124)
	at org.jboss.as.protocol.ProtocolConnectionManager$EstablishingConnection.connect(ProtocolConnectionManager.java:257)
	at org.jboss.as.protocol.ProtocolConnectionManager.connect(ProtocolConnectionManager.java:71)
	at org.jboss.as.server.mgmt.domain.HostControllerConnection.openConnection(HostControllerConnection.java:130)
	at org.jboss.as.server.mgmt.domain.HostControllerClient.resolveBootUpdates(HostControllerClient.java:85)
	at org.jboss.as.server.mgmt.domain.ServerBootOperationsService$1.run(ServerBootOperationsService.java:68)
	... 4 more

2016-05-05 14:33:40,029 ERROR [org.jboss.as.server] (Controller Boot Thread) WFLYSRV0055: Caught exception during boot: org.jboss.as.controller.persistence.ConfigurationPersistenceException: java.util.concurrent.ExecutionException: Operation failed
	at org.jboss.as.server.ServerStartTask$2$1.load(ServerStartTask.java:185)
	at org.jboss.as.server.ServerService.boot(ServerService.java:350)
	at org.jboss.as.controller.AbstractControllerService$1.run(AbstractControllerService.java:271)
	at java.lang.Thread.run(Thread.java:745)
Caused by: java.util.concurrent.ExecutionException: Operation failed
	at org.jboss.threads.AsyncFutureTask.operationFailed(AsyncFutureTask.java:74)
	at org.jboss.threads.AsyncFutureTask.get(AsyncFutureTask.java:268)
	at org.jboss.as.server.mgmt.domain.ServerBootOperationsService$2.get(ServerBootOperationsService.java:113)
	at org.jboss.as.server.mgmt.domain.ServerBootOperationsService$2.get(ServerBootOperationsService.java:95)
	at org.jboss.as.server.ServerStartTask$2$1.load(ServerStartTask.java:182)
	... 3 more
Caused by: java.net.ConnectException: WFLYPRT0023: Could not connect to remote://127.0.0.1:19999. The connection timed out
	at org.jboss.as.protocol.ProtocolConnectionUtils.connectSync(ProtocolConnectionUtils.java:124)
	at org.jboss.as.protocol.ProtocolConnectionManager$EstablishingConnection.connect(ProtocolConnectionManager.java:257)
	at org.jboss.as.protocol.ProtocolConnectionManager.connect(ProtocolConnectionManager.java:71)
	at org.jboss.as.server.mgmt.domain.HostControllerConnection.openConnection(HostControllerConnection.java:130)
	at org.jboss.as.server.mgmt.domain.HostControllerClient.resolveBootUpdates(HostControllerClient.java:85)
	at org.jboss.as.server.mgmt.domain.ServerBootOperationsService$1.run(ServerBootOperationsService.java:68)
	at java.util.concurrent.ThreadPoolExecutor.runWorker(ThreadPoolExecutor.java:1142)
	at java.util.concurrent.ThreadPoolExecutor$Worker.run(ThreadPoolExecutor.java:617)
	at java.lang.Thread.run(Thread.java:745)
	at org.jboss.threads.JBossThread.run(JBossThread.java:320)

2016-05-05 14:33:40,035 FATAL [org.jboss.as.server] (Controller Boot Thread) WFLYSRV0056: Server boot has failed in an unrecoverable manner; exiting. See previous messages for details.
2016-05-05 14:33:40,048 INFO  [org.jboss.as] (MSC service thread 1-1) WFLYSRV0050: WildFly Full 9.0.2.Final (WildFly Core 1.0.2.Final) stopped in 10ms
2016-05-05 14:40:20,594 WARN  [org.jboss.as.txn] (ServerService Thread Pool -- 37) WFLYTX0013: Node identifier property is set to the default value. Please make sure it is unique.
2016-05-05 14:40:20,606 INFO  [org.jboss.as.webservices] (ServerService Thread Pool -- 35) WFLYWS0002: Activating WebServices Extension
2016-05-05 14:40:20,598 INFO  [org.jboss.as.security] (ServerService Thread Pool -- 39) WFLYSEC0002: Activating Security Subsystem
2016-05-05 14:40:20,650 INFO  [org.jboss.as.security] (MSC service thread 1-8) WFLYSEC0001: Current PicketBox version=4.9.2.Final
2016-05-05 14:40:20,652 INFO  [org.jboss.as.connector.subsystems.datasources] (ServerService Thread Pool -- 59) WFLYJCA0004: Deploying JDBC-compliant driver class org.h2.Driver (version 1.3)
2016-05-05 14:40:20,717 INFO  [org.jboss.as.clustering.jgroups] (ServerService Thread Pool -- 51) WFLYCLJG0001: Activating JGroups subsystem.
2016-05-05 14:40:20,719 INFO  [org.jboss.as.clustering.infinispan] (ServerService Thread Pool -- 55) WFLYCLINF0001: Activating Infinispan subsystem.
2016-05-05 14:40:20,723 INFO  [org.jboss.as.jsf] (ServerService Thread Pool -- 48) WFLYJSF0007: Activated the following JSF Implementations: [main]
2016-05-05 14:40:20,721 INFO  [org.jboss.as.naming] (ServerService Thread Pool -- 45) WFLYNAM0001: Activating Naming Subsystem
2016-05-05 14:40:20,765 INFO  [org.wildfly.extension.io] (ServerService Thread Pool -- 56) WFLYIO001: Worker 'default' has auto-configured to 8 core threads with 64 task threads based on your 4 available processors
2016-05-05 14:40:20,801 INFO  [org.wildfly.extension.undertow] (MSC service thread 1-3) WFLYUT0003: Undertow 1.2.9.Final starting
2016-05-05 14:40:20,783 INFO  [org.jboss.as.connector] (MSC service thread 1-1) WFLYJCA0009: Starting JCA Subsystem (IronJacamar 1.2.5.Final)
2016-05-05 14:40:20,802 INFO  [org.wildfly.extension.undertow] (ServerService Thread Pool -- 36) WFLYUT0003: Undertow 1.2.9.Final starting
2016-05-05 14:40:20,916 INFO  [org.jboss.as.naming] (MSC service thread 1-3) WFLYNAM0003: Starting Naming Service
2016-05-05 14:40:20,923 INFO  [org.jboss.as.mail.extension] (MSC service thread 1-5) WFLYMAIL0001: Bound mail session [java:jboss/mail/Default]
2016-05-05 14:40:20,935 INFO  [org.jboss.as.connector.deployers.jdbc] (MSC service thread 1-3) WFLYJCA0018: Started Driver service with driver-name = h2
2016-05-05 14:40:21,013 INFO  [org.wildfly.extension.undertow] (ServerService Thread Pool -- 36) WFLYUT0014: Creating file handler for path /home/jurikolo/wf_cookbook/wildfly902/welcome-content
2016-05-05 14:40:21,242 INFO  [org.wildfly.extension.undertow] (MSC service thread 1-6) WFLYUT0012: Started server default-server.
2016-05-05 14:40:21,249 INFO  [org.wildfly.extension.undertow] (MSC service thread 1-8) WFLYUT0018: Host default-host starting
2016-05-05 14:40:21,345 INFO  [org.wildfly.extension.undertow] (MSC service thread 1-1) WFLYUT0006: Undertow AJP listener ajp listening on /127.0.0.1:8109
2016-05-05 14:40:21,363 INFO  [org.jboss.modcluster] (ServerService Thread Pool -- 62) MODCLUSTER000001: Initializing mod_cluster version 1.3.1.Final
2016-05-05 14:40:21,376 INFO  [org.wildfly.extension.undertow] (MSC service thread 1-6) WFLYUT0006: Undertow HTTP listener default listening on /127.0.0.1:8180
2016-05-05 14:40:21,393 INFO  [org.jboss.modcluster] (ServerService Thread Pool -- 62) MODCLUSTER000032: Listening to proxy advertisements on /224.0.1.105:23364
2016-05-05 14:40:21,719 INFO  [org.jboss.as.server.deployment] (MSC service thread 1-4) WFLYSRV0027: Starting deployment of "cluster-test.war" (runtime-name: "cluster-test.war")
2016-05-05 14:40:21,773 INFO  [org.jboss.ws.common.management] (MSC service thread 1-8) JBWS022052: Starting JBoss Web Services - Stack CXF Server 5.0.0.Final
2016-05-05 14:40:22,446 WARNING [org.jgroups.protocols.UDP] (MSC service thread 1-1) JGRP000015: the send buffer of socket DatagramSocket was set to 640KB, but the OS only allocated 212.99KB. This might lead to performance problems. Please set your max send buffer in the OS correctly (e.g. net.core.wmem_max on Linux)
2016-05-05 14:40:22,447 WARNING [org.jgroups.protocols.UDP] (MSC service thread 1-1) JGRP000015: the receive buffer of socket DatagramSocket was set to 20MB, but the OS only allocated 212.99KB. This might lead to performance problems. Please set your max receive buffer in the OS correctly (e.g. net.core.rmem_max on Linux)
2016-05-05 14:40:22,448 WARNING [org.jgroups.protocols.UDP] (MSC service thread 1-1) JGRP000015: the send buffer of socket MulticastSocket was set to 640KB, but the OS only allocated 212.99KB. This might lead to performance problems. Please set your max send buffer in the OS correctly (e.g. net.core.wmem_max on Linux)
2016-05-05 14:40:22,448 WARNING [org.jgroups.protocols.UDP] (MSC service thread 1-1) JGRP000015: the receive buffer of socket MulticastSocket was set to 25MB, but the OS only allocated 212.99KB. This might lead to performance problems. Please set your max receive buffer in the OS correctly (e.g. net.core.rmem_max on Linux)
2016-05-05 14:40:22,455 INFO  [stdout] (MSC service thread 1-1) 
2016-05-05 14:40:22,455 INFO  [stdout] (MSC service thread 1-1) -------------------------------------------------------------------
2016-05-05 14:40:22,455 INFO  [stdout] (MSC service thread 1-1) GMS: address=host-1:REST-server-1, cluster=ee, physical address=127.0.0.1:55300
2016-05-05 14:40:22,455 INFO  [stdout] (MSC service thread 1-1) -------------------------------------------------------------------
2016-05-05 14:40:25,640 INFO  [org.infinispan.configuration.cache.EvictionConfigurationBuilder] (ServerService Thread Pool -- 62) ISPN000152: Passivation configured without an eviction policy being selected. Only manually evicted entities will be passivated.
2016-05-05 14:40:25,646 INFO  [org.infinispan.configuration.cache.EvictionConfigurationBuilder] (ServerService Thread Pool -- 62) ISPN000152: Passivation configured without an eviction policy being selected. Only manually evicted entities will be passivated.
2016-05-05 14:40:25,657 INFO  [org.infinispan.configuration.cache.EvictionConfigurationBuilder] (ServerService Thread Pool -- 64) ISPN000152: Passivation configured without an eviction policy being selected. Only manually evicted entities will be passivated.
2016-05-05 14:40:25,675 INFO  [org.infinispan.configuration.cache.EvictionConfigurationBuilder] (ServerService Thread Pool -- 64) ISPN000152: Passivation configured without an eviction policy being selected. Only manually evicted entities will be passivated.
2016-05-05 14:40:25,980 INFO  [org.infinispan.remoting.transport.jgroups.JGroupsTransport] (ServerService Thread Pool -- 63) ISPN000078: Starting JGroups channel web
2016-05-05 14:40:26,004 INFO  [org.infinispan.remoting.transport.jgroups.JGroupsTransport] (ServerService Thread Pool -- 63) ISPN000094: Received new cluster view for channel web: [host-1:REST-server-1|0] (1) [host-1:REST-server-1]
2016-05-05 14:40:26,013 INFO  [org.infinispan.remoting.transport.jgroups.JGroupsTransport] (ServerService Thread Pool -- 63) ISPN000079: Channel web local address is host-1:REST-server-1, physical addresses are [127.0.0.1:55300]
2016-05-05 14:40:26,024 INFO  [org.infinispan.factories.GlobalComponentRegistry] (ServerService Thread Pool -- 63) ISPN000128: Infinispan version: Infinispan 'Insanely Bad Elf' 7.2.3.Final
2016-05-05 14:40:26,329 INFO  [org.jboss.as.clustering.infinispan] (ServerService Thread Pool -- 63) WFLYCLINF0002: Started dist cache from web container
2016-05-05 14:40:26,330 INFO  [org.jboss.as.clustering.infinispan] (ServerService Thread Pool -- 62) WFLYCLINF0002: Started cluster-test.war cache from web container
2016-05-05 14:41:11,452 INFO  [org.jboss.as.connector.subsystems.datasources] (MSC service thread 1-3) WFLYJCA0001: Bound data source [java:jboss/datasources/ExampleDS]
2016-05-05 14:41:11,749 INFO  [org.wildfly.extension.undertow] (ServerService Thread Pool -- 66) WFLYUT0021: Registered web context: /cluster-test
2016-05-05 14:41:11,814 INFO  [org.jboss.as.server] (Controller Boot Thread) WFLYSRV0010: Deployed "cluster-test.war" (runtime-name : "cluster-test.war")
2016-05-05 14:41:11,987 INFO  [org.jboss.as] (Controller Boot Thread) WFLYSRV0025: WildFly Full 9.0.2.Final (WildFly Core 1.0.2.Final) started in 104646ms - Started 327 of 508 services (281 services are lazy, passive or on-demand)
2016-05-05 14:41:29,187 INFO  [stdout] (default task-1) ********************************+
2016-05-05 14:41:29,188 INFO  [stdout] (default task-1) Visitor(s): 0
2016-05-05 14:41:29,188 INFO  [stdout] (default task-1) ********************************+
2016-05-05 14:42:03,479 INFO  [org.infinispan.remoting.transport.jgroups.JGroupsTransport] (Incoming-2,ee,host-1:REST-server-1) ISPN000094: Received new cluster view for channel web: [host-1:REST-server-1|1] (2) [host-1:REST-server-1, host-2:REST-server-2]
2016-05-05 14:42:04,754 INFO  [org.infinispan.CLUSTER] (remote-thread--p3-t1) ISPN000310: Starting cluster-wide rebalance for cache cluster-test.war, topology CacheTopology{id=1, rebalanceId=1, currentCH=DefaultConsistentHash{ns=80, owners = (1)[host-1:REST-server-1: 80+0]}, pendingCH=DefaultConsistentHash{ns=80, owners = (2)[host-1:REST-server-1: 40+40, host-2:REST-server-2: 40+40]}, unionCH=null, actualMembers=[host-1:REST-server-1, host-2:REST-server-2]}
2016-05-05 14:42:04,758 INFO  [org.infinispan.CLUSTER] (remote-thread--p3-t4) ISPN000310: Starting cluster-wide rebalance for cache dist, topology CacheTopology{id=1, rebalanceId=1, currentCH=DefaultConsistentHash{ns=80, owners = (1)[host-1:REST-server-1: 80+0]}, pendingCH=DefaultConsistentHash{ns=80, owners = (2)[host-1:REST-server-1: 40+40, host-2:REST-server-2: 40+40]}, unionCH=null, actualMembers=[host-1:REST-server-1, host-2:REST-server-2]}
2016-05-05 14:42:04,953 INFO  [org.infinispan.CLUSTER] (remote-thread--p3-t4) ISPN000336: Finished cluster-wide rebalance for cache dist, topology id = 1
2016-05-05 14:42:04,961 INFO  [org.infinispan.CLUSTER] (remote-thread--p3-t4) ISPN000336: Finished cluster-wide rebalance for cache cluster-test.war, topology id = 1
2016-05-05 14:43:43,188 INFO  [org.infinispan.remoting.transport.jgroups.JGroupsTransport] (Incoming-7,ee,host-1:REST-server-1) ISPN000094: Received new cluster view for channel web: [host-1:REST-server-1|2] (1) [host-1:REST-server-1]
2016-05-05 14:43:44,196 INFO  [org.jboss.as.server] (Thread-2) WFLYSRV0220: Server shutdown has been requested.
2016-05-05 14:43:44,242 INFO  [org.wildfly.extension.undertow] (ServerService Thread Pool -- 73) WFLYUT0022: Unregistered web context: /cluster-test
2016-05-05 14:43:44,287 INFO  [org.jboss.as.connector.subsystems.datasources] (MSC service thread 1-8) WFLYJCA0010: Unbound data source [java:jboss/datasources/ExampleDS]
2016-05-05 14:43:44,290 INFO  [org.infinispan.eviction.impl.PassivationManagerImpl] (ServerService Thread Pool -- 79) ISPN000029: Passivating all entries to disk
2016-05-05 14:43:44,301 INFO  [org.wildfly.extension.undertow] (MSC service thread 1-5) WFLYUT0019: Host default-host stopping
2016-05-05 14:43:44,304 INFO  [org.infinispan.eviction.impl.PassivationManagerImpl] (ServerService Thread Pool -- 80) ISPN000029: Passivating all entries to disk
2016-05-05 14:43:44,310 INFO  [org.infinispan.eviction.impl.PassivationManagerImpl] (ServerService Thread Pool -- 80) ISPN000030: Passivated 0 entries in 6 milliseconds
2016-05-05 14:43:44,316 INFO  [org.infinispan.eviction.impl.PassivationManagerImpl] (ServerService Thread Pool -- 79) ISPN000030: Passivated 2 entries in 25 milliseconds
2016-05-05 14:43:44,321 INFO  [org.jboss.as.connector.deployers.jdbc] (MSC service thread 1-8) WFLYJCA0019: Stopped Driver service with driver-name = h2
2016-05-05 14:43:44,316 INFO  [org.jboss.modcluster] (ServerService Thread Pool -- 76) MODCLUSTER000002: Initiating mod_cluster shutdown
2016-05-05 14:43:44,325 INFO  [org.jboss.as.clustering.infinispan] (ServerService Thread Pool -- 80) WFLYCLINF0003: Stopped dist cache from web container
2016-05-05 14:43:44,338 INFO  [org.jboss.as.clustering.infinispan] (ServerService Thread Pool -- 79) WFLYCLINF0003: Stopped cluster-test.war cache from web container
2016-05-05 14:43:44,344 INFO  [org.infinispan.remoting.transport.jgroups.JGroupsTransport] (MSC service thread 1-5) ISPN000080: Disconnecting JGroups channel web
2016-05-05 14:43:44,349 INFO  [org.infinispan.remoting.transport.jgroups.JGroupsTransport] (MSC service thread 1-5) ISPN000082: Stopping the RpcDispatcher for channel web
2016-05-05 14:43:44,378 INFO  [org.hibernate.validator.internal.util.Version] (MSC service thread 1-2) HV000001: Hibernate Validator 5.1.3.Final
2016-05-05 14:43:44,427 INFO  [org.wildfly.extension.undertow] (MSC service thread 1-4) WFLYUT0008: Undertow HTTP listener default suspending
2016-05-05 14:43:44,429 INFO  [org.wildfly.extension.undertow] (MSC service thread 1-6) WFLYUT0008: Undertow AJP listener ajp suspending
2016-05-05 14:43:44,429 INFO  [org.jboss.as.server.deployment] (MSC service thread 1-2) WFLYSRV0028: Stopped deployment cluster-test.war (runtime-name: cluster-test.war) in 221ms
2016-05-05 14:43:44,430 INFO  [org.wildfly.extension.undertow] (MSC service thread 1-4) WFLYUT0007: Undertow HTTP listener default stopped, was bound to /127.0.0.1:8180
2016-05-05 14:43:44,431 INFO  [org.wildfly.extension.undertow] (MSC service thread 1-6) WFLYUT0007: Undertow AJP listener ajp stopped, was bound to /127.0.0.1:8109
2016-05-05 14:43:44,432 INFO  [org.wildfly.extension.undertow] (MSC service thread 1-6) WFLYUT0004: Undertow 1.2.9.Final stopping
2016-05-05 14:43:44,461 INFO  [org.jboss.as] (MSC service thread 1-4) WFLYSRV0050: WildFly Full 9.0.2.Final (WildFly Core 1.0.2.Final) stopped in 242ms
2016-05-05 14:45:27,128 INFO  [org.jboss.modules] (main) JBoss Modules version 1.4.3.Final
2016-05-05 14:45:27,319 INFO  [org.jboss.msc] (main) JBoss MSC version 1.2.6.Final
2016-05-05 14:45:27,388 INFO  [org.jboss.as] (MSC service thread 1-6) WFLYSRV0049: WildFly Full 9.0.2.Final (WildFly Core 1.0.2.Final) starting
2016-05-05 14:45:27,389 DEBUG [org.jboss.as.config] (MSC service thread 1-6) Configured system properties:
	[Server:REST-server-1] = 
	awt.toolkit = sun.awt.X11.XToolkit
	file.encoding = UTF-8
	file.encoding.pkg = sun.io
	file.separator = /
	java.awt.graphicsenv = sun.awt.X11GraphicsEnvironment
	java.awt.headless = true
	java.awt.printerjob = sun.print.PSPrinterJob
	java.class.path = /home/jurikolo/wf_cookbook/wildfly902/jboss-modules.jar
	java.class.version = 52.0
	java.endorsed.dirs = /opt/oracle/jdk1.8.0_45x64/jre/lib/endorsed
	java.ext.dirs = /opt/oracle/jdk1.8.0_45x64/jre/lib/ext:/usr/java/packages/lib/ext
	java.home = /opt/oracle/jdk1.8.0_45x64/jre
	java.io.tmpdir = /tmp
	java.library.path = /usr/java/packages/lib/amd64:/usr/lib64:/lib64:/lib:/usr/lib
	java.net.preferIPv4Stack = true
	java.runtime.name = Java(TM) SE Runtime Environment
	java.runtime.version = 1.8.0_45-b14
	java.specification.name = Java Platform API Specification
	java.specification.vendor = Oracle Corporation
	java.specification.version = 1.8
	java.util.logging.manager = org.jboss.logmanager.LogManager
	java.vendor = Oracle Corporation
	java.vendor.url = http://java.oracle.com/
	java.vendor.url.bug = http://bugreport.sun.com/bugreport/
	java.version = 1.8.0_45
	java.vm.info = mixed mode
	java.vm.name = Java HotSpot(TM) 64-Bit Server VM
	java.vm.specification.name = Java Virtual Machine Specification
	java.vm.specification.vendor = Oracle Corporation
	java.vm.specification.version = 1.8
	java.vm.vendor = Oracle Corporation
	java.vm.version = 25.45-b02
	javax.management.builder.initial = org.jboss.as.jmx.PluggableMBeanServerBuilder
	javax.xml.datatype.DatatypeFactory = __redirected.__DatatypeFactory
	javax.xml.parsers.DocumentBuilderFactory = __redirected.__DocumentBuilderFactory
	javax.xml.parsers.SAXParserFactory = __redirected.__SAXParserFactory
	javax.xml.stream.XMLEventFactory = __redirected.__XMLEventFactory
	javax.xml.stream.XMLInputFactory = __redirected.__XMLInputFactory
	javax.xml.stream.XMLOutputFactory = __redirected.__XMLOutputFactory
	javax.xml.transform.TransformerFactory = __redirected.__TransformerFactory
	javax.xml.validation.SchemaFactory:http://www.w3.org/2001/XMLSchema = __redirected.__SchemaFactory
	javax.xml.xpath.XPathFactory:http://java.sun.com/jaxp/xpath/dom = __redirected.__XPathFactory
	jboss.domain.base.dir = /home/jurikolo/wf_cookbook/wildfly902/cl-dmn2-host-1
	jboss.domain.config.dir = /home/jurikolo/wf_cookbook/wildfly902/cl-dmn2-host-1/configuration
	jboss.domain.master.address = 127.0.0.1
	jboss.home.dir = /home/jurikolo/wf_cookbook/wildfly902
	jboss.host.name = t2007030
	jboss.modules.dir = /home/jurikolo/wf_cookbook/wildfly902/modules
	jboss.modules.system.pkgs = org.jboss.byteman
	jboss.node.name = host-1:REST-server-1
	jboss.qualified.host.name = t2007030.tele2.net
	jboss.server.base.dir = /home/jurikolo/wf_cookbook/wildfly902/cl-dmn2-host-1/servers/REST-server-1
	jboss.server.config.dir = /home/jurikolo/wf_cookbook/wildfly902/cl-dmn2-host-1/servers/REST-server-1/configuration
	jboss.server.data.dir = /home/jurikolo/wf_cookbook/wildfly902/cl-dmn2-host-1/servers/REST-server-1/data
	jboss.server.deploy.dir = /home/jurikolo/wf_cookbook/wildfly902/cl-dmn2-host-1/servers/REST-server-1/data/content
	jboss.server.log.dir = /home/jurikolo/wf_cookbook/wildfly902/cl-dmn2-host-1/servers/REST-server-1/log
	jboss.server.name = REST-server-1
	jboss.server.persist.config = true
	jboss.server.temp.dir = /home/jurikolo/wf_cookbook/wildfly902/cl-dmn2-host-1/servers/REST-server-1/tmp
	line.separator = 

	logging.configuration = file:/home/jurikolo/wf_cookbook/wildfly902/cl-dmn2-host-1/servers/REST-server-1/data/logging.properties
	module.path = /home/jurikolo/wf_cookbook/wildfly902/modules
	org.jboss.resolver.warning = true
	org.xml.sax.driver = __redirected.__XMLReaderFactory
	os.arch = amd64
	os.name = Linux
	os.version = 4.4.8-300.fc23.x86_64
	path.separator = :
	sun.arch.data.model = 64
	sun.boot.class.path = /opt/oracle/jdk1.8.0_45x64/jre/lib/resources.jar:/opt/oracle/jdk1.8.0_45x64/jre/lib/rt.jar:/opt/oracle/jdk1.8.0_45x64/jre/lib/sunrsasign.jar:/opt/oracle/jdk1.8.0_45x64/jre/lib/jsse.jar:/opt/oracle/jdk1.8.0_45x64/jre/lib/jce.jar:/opt/oracle/jdk1.8.0_45x64/jre/lib/charsets.jar:/opt/oracle/jdk1.8.0_45x64/jre/lib/jfr.jar:/opt/oracle/jdk1.8.0_45x64/jre/classes
	sun.boot.library.path = /opt/oracle/jdk1.8.0_45x64/jre/lib/amd64
	sun.cpu.endian = little
	sun.cpu.isalist = 
	sun.desktop = gnome
	sun.io.unicode.encoding = UnicodeLittle
	sun.java.command = /home/jurikolo/wf_cookbook/wildfly902/jboss-modules.jar -mp /home/jurikolo/wf_cookbook/wildfly902/modules org.jboss.as.server
	sun.java.launcher = SUN_STANDARD
	sun.jnu.encoding = UTF-8
	sun.management.compiler = HotSpot 64-Bit Tiered Compilers
	sun.os.patch.level = unknown
	user.country = US
	user.dir = /home/jurikolo/wf_cookbook/wildfly902
	user.home = /home/jurikolo
	user.language = en
	user.name = jurikolo
	user.timezone = Europe/Riga
2016-05-05 14:45:27,390 DEBUG [org.jboss.as.config] (MSC service thread 1-6) VM Arguments: -D[Server:REST-server-1] -Xms384m -Xmx384m -Djava.awt.headless=true -Djava.net.preferIPv4Stack=true -Djboss.domain.base.dir=cl-dmn2-host-1 -Djboss.domain.master.address=127.0.0.1 -Djboss.home.dir=/home/jurikolo/wf_cookbook/wildfly902 -Djboss.modules.system.pkgs=org.jboss.byteman -Djboss.server.log.dir=/home/jurikolo/wf_cookbook/wildfly902/cl-dmn2-host-1/servers/REST-server-1/log -Djboss.server.temp.dir=/home/jurikolo/wf_cookbook/wildfly902/cl-dmn2-host-1/servers/REST-server-1/tmp -Djboss.server.data.dir=/home/jurikolo/wf_cookbook/wildfly902/cl-dmn2-host-1/servers/REST-server-1/data -Dlogging.configuration=file:/home/jurikolo/wf_cookbook/wildfly902/cl-dmn2-host-1/servers/REST-server-1/data/logging.properties 
2016-05-05 14:45:27,446 INFO  [org.xnio] (MSC service thread 1-3) XNIO version 3.3.1.Final
2016-05-05 14:45:27,454 INFO  [org.xnio.nio] (MSC service thread 1-3) XNIO NIO Implementation Version 3.3.1.Final
2016-05-05 14:45:27,474 INFO  [org.jboss.remoting] (MSC service thread 1-3) JBoss Remoting version 4.0.9.Final
2016-05-05 14:46:19,501 INFO  [org.jboss.as.controller.management-deprecated] (ServerService Thread Pool -- 21) WFLYCTL0028: Attribute 'job-repository-type' in the resource at address '/subsystem=batch' is deprecated, and may be removed in future version. See the attribute description in the output of the read-resource-description operation to learn more about the deprecation.
2016-05-05 14:46:19,513 INFO  [org.jboss.as.controller.management-deprecated] (ServerService Thread Pool -- 6) WFLYCTL0028: Attribute 'default-stack' in the resource at address '/subsystem=jgroups' is deprecated, and may be removed in future version. See the attribute description in the output of the read-resource-description operation to learn more about the deprecation.
2016-05-05 14:46:19,520 INFO  [org.jboss.as.controller.management-deprecated] (ServerService Thread Pool -- 30) WFLYCTL0028: Attribute 'enabled' in the resource at address '/subsystem=datasources/data-source=ExampleDS' is deprecated, and may be removed in future version. See the attribute description in the output of the read-resource-description operation to learn more about the deprecation.
2016-05-05 14:46:19,912 WARN  [org.jboss.as.txn] (ServerService Thread Pool -- 37) WFLYTX0013: Node identifier property is set to the default value. Please make sure it is unique.
2016-05-05 14:46:19,913 INFO  [org.jboss.as.security] (ServerService Thread Pool -- 39) WFLYSEC0002: Activating Security Subsystem
2016-05-05 14:46:19,945 INFO  [org.jboss.as.security] (MSC service thread 1-4) WFLYSEC0001: Current PicketBox version=4.9.2.Final
2016-05-05 14:46:19,963 INFO  [org.jboss.as.webservices] (ServerService Thread Pool -- 35) WFLYWS0002: Activating WebServices Extension
2016-05-05 14:46:19,982 INFO  [org.jboss.as.clustering.infinispan] (ServerService Thread Pool -- 55) WFLYCLINF0001: Activating Infinispan subsystem.
2016-05-05 14:46:19,997 INFO  [org.jboss.as.clustering.jgroups] (ServerService Thread Pool -- 51) WFLYCLJG0001: Activating JGroups subsystem.
2016-05-05 14:46:19,998 INFO  [org.jboss.as.naming] (ServerService Thread Pool -- 45) WFLYNAM0001: Activating Naming Subsystem
2016-05-05 14:46:20,010 INFO  [org.wildfly.extension.undertow] (ServerService Thread Pool -- 36) WFLYUT0003: Undertow 1.2.9.Final starting
2016-05-05 14:46:20,016 INFO  [org.wildfly.extension.io] (ServerService Thread Pool -- 56) WFLYIO001: Worker 'default' has auto-configured to 8 core threads with 64 task threads based on your 4 available processors
2016-05-05 14:46:20,020 INFO  [org.jboss.as.connector.subsystems.datasources] (ServerService Thread Pool -- 59) WFLYJCA0004: Deploying JDBC-compliant driver class org.h2.Driver (version 1.3)
2016-05-05 14:46:20,024 INFO  [org.wildfly.extension.undertow] (MSC service thread 1-5) WFLYUT0003: Undertow 1.2.9.Final starting
2016-05-05 14:46:20,054 INFO  [org.jboss.as.jsf] (ServerService Thread Pool -- 48) WFLYJSF0007: Activated the following JSF Implementations: [main]
2016-05-05 14:46:20,203 INFO  [org.jboss.as.naming] (MSC service thread 1-8) WFLYNAM0003: Starting Naming Service
2016-05-05 14:46:20,285 INFO  [org.jboss.as.mail.extension] (MSC service thread 1-4) WFLYMAIL0001: Bound mail session [java:jboss/mail/Default]
2016-05-05 14:46:20,298 INFO  [org.jboss.as.connector] (MSC service thread 1-5) WFLYJCA0009: Starting JCA Subsystem (IronJacamar 1.2.5.Final)
2016-05-05 14:46:20,340 INFO  [org.jboss.as.connector.deployers.jdbc] (MSC service thread 1-6) WFLYJCA0018: Started Driver service with driver-name = h2
2016-05-05 14:46:20,442 INFO  [org.wildfly.extension.undertow] (ServerService Thread Pool -- 36) WFLYUT0014: Creating file handler for path /home/jurikolo/wf_cookbook/wildfly902/welcome-content
2016-05-05 14:46:20,651 INFO  [org.wildfly.extension.undertow] (MSC service thread 1-1) WFLYUT0012: Started server default-server.
2016-05-05 14:46:20,668 INFO  [org.wildfly.extension.undertow] (MSC service thread 1-5) WFLYUT0018: Host default-host starting
2016-05-05 14:46:20,760 INFO  [org.wildfly.extension.undertow] (MSC service thread 1-4) WFLYUT0006: Undertow AJP listener ajp listening on /127.0.0.1:8109
2016-05-05 14:46:20,766 INFO  [org.wildfly.extension.undertow] (MSC service thread 1-8) WFLYUT0006: Undertow HTTP listener default listening on /127.0.0.1:8180
2016-05-05 14:46:20,776 INFO  [org.jboss.modcluster] (ServerService Thread Pool -- 62) MODCLUSTER000001: Initializing mod_cluster version 1.3.1.Final
2016-05-05 14:46:20,804 INFO  [org.jboss.modcluster] (ServerService Thread Pool -- 62) MODCLUSTER000032: Listening to proxy advertisements on /224.0.1.105:23364
2016-05-05 14:46:21,183 INFO  [org.jboss.as.server.deployment] (MSC service thread 1-6) WFLYSRV0027: Starting deployment of "cluster-test.war" (runtime-name: "cluster-test.war")
2016-05-05 14:46:21,242 INFO  [org.jboss.ws.common.management] (MSC service thread 1-8) JBWS022052: Starting JBoss Web Services - Stack CXF Server 5.0.0.Final
2016-05-05 14:46:22,010 WARNING [org.jgroups.protocols.UDP] (MSC service thread 1-1) JGRP000015: the send buffer of socket DatagramSocket was set to 640KB, but the OS only allocated 212.99KB. This might lead to performance problems. Please set your max send buffer in the OS correctly (e.g. net.core.wmem_max on Linux)
2016-05-05 14:46:22,017 WARNING [org.jgroups.protocols.UDP] (MSC service thread 1-1) JGRP000015: the receive buffer of socket DatagramSocket was set to 20MB, but the OS only allocated 212.99KB. This might lead to performance problems. Please set your max receive buffer in the OS correctly (e.g. net.core.rmem_max on Linux)
2016-05-05 14:46:22,017 WARNING [org.jgroups.protocols.UDP] (MSC service thread 1-1) JGRP000015: the send buffer of socket MulticastSocket was set to 640KB, but the OS only allocated 212.99KB. This might lead to performance problems. Please set your max send buffer in the OS correctly (e.g. net.core.wmem_max on Linux)
2016-05-05 14:46:22,017 WARNING [org.jgroups.protocols.UDP] (MSC service thread 1-1) JGRP000015: the receive buffer of socket MulticastSocket was set to 25MB, but the OS only allocated 212.99KB. This might lead to performance problems. Please set your max receive buffer in the OS correctly (e.g. net.core.rmem_max on Linux)
2016-05-05 14:46:22,027 INFO  [stdout] (MSC service thread 1-1) 
2016-05-05 14:46:22,027 INFO  [stdout] (MSC service thread 1-1) -------------------------------------------------------------------
2016-05-05 14:46:22,027 INFO  [stdout] (MSC service thread 1-1) GMS: address=host-1:REST-server-1, cluster=ee, physical address=127.0.0.1:55300
2016-05-05 14:46:22,027 INFO  [stdout] (MSC service thread 1-1) -------------------------------------------------------------------
2016-05-05 14:46:25,356 INFO  [org.infinispan.configuration.cache.EvictionConfigurationBuilder] (ServerService Thread Pool -- 62) ISPN000152: Passivation configured without an eviction policy being selected. Only manually evicted entities will be passivated.
2016-05-05 14:46:25,363 INFO  [org.infinispan.configuration.cache.EvictionConfigurationBuilder] (ServerService Thread Pool -- 62) ISPN000152: Passivation configured without an eviction policy being selected. Only manually evicted entities will be passivated.
2016-05-05 14:46:25,392 INFO  [org.infinispan.configuration.cache.EvictionConfigurationBuilder] (ServerService Thread Pool -- 64) ISPN000152: Passivation configured without an eviction policy being selected. Only manually evicted entities will be passivated.
2016-05-05 14:46:25,393 INFO  [org.infinispan.configuration.cache.EvictionConfigurationBuilder] (ServerService Thread Pool -- 64) ISPN000152: Passivation configured without an eviction policy being selected. Only manually evicted entities will be passivated.
2016-05-05 14:46:25,946 INFO  [org.infinispan.remoting.transport.jgroups.JGroupsTransport] (ServerService Thread Pool -- 63) ISPN000078: Starting JGroups channel web
2016-05-05 14:46:25,985 INFO  [org.infinispan.remoting.transport.jgroups.JGroupsTransport] (ServerService Thread Pool -- 63) ISPN000094: Received new cluster view for channel web: [host-1:REST-server-1|0] (1) [host-1:REST-server-1]
2016-05-05 14:46:26,009 INFO  [org.infinispan.remoting.transport.jgroups.JGroupsTransport] (ServerService Thread Pool -- 63) ISPN000079: Channel web local address is host-1:REST-server-1, physical addresses are [127.0.0.1:55300]
2016-05-05 14:46:26,018 INFO  [org.infinispan.factories.GlobalComponentRegistry] (ServerService Thread Pool -- 63) ISPN000128: Infinispan version: Infinispan 'Insanely Bad Elf' 7.2.3.Final
2016-05-05 14:46:26,516 INFO  [org.jboss.as.clustering.infinispan] (ServerService Thread Pool -- 64) WFLYCLINF0002: Started cluster-test.war cache from web container
2016-05-05 14:46:26,505 INFO  [org.jboss.as.clustering.infinispan] (ServerService Thread Pool -- 63) WFLYCLINF0002: Started dist cache from web container
2016-05-05 14:46:28,344 INFO  [org.infinispan.remoting.transport.jgroups.JGroupsTransport] (Incoming-2,ee,host-1:REST-server-1) ISPN000094: Received new cluster view for channel web: [host-1:REST-server-1|1] (2) [host-1:REST-server-1, host-2:REST-server-2]
2016-05-05 14:46:29,088 INFO  [org.infinispan.CLUSTER] (remote-thread--p3-t2) ISPN000310: Starting cluster-wide rebalance for cache dist, topology CacheTopology{id=1, rebalanceId=1, currentCH=DefaultConsistentHash{ns=80, owners = (1)[host-1:REST-server-1: 80+0]}, pendingCH=DefaultConsistentHash{ns=80, owners = (2)[host-1:REST-server-1: 40+40, host-2:REST-server-2: 40+40]}, unionCH=null, actualMembers=[host-1:REST-server-1, host-2:REST-server-2]}
2016-05-05 14:46:29,093 INFO  [org.infinispan.CLUSTER] (remote-thread--p3-t1) ISPN000310: Starting cluster-wide rebalance for cache cluster-test.war, topology CacheTopology{id=1, rebalanceId=1, currentCH=DefaultConsistentHash{ns=80, owners = (1)[host-1:REST-server-1: 80+0]}, pendingCH=DefaultConsistentHash{ns=80, owners = (2)[host-1:REST-server-1: 40+40, host-2:REST-server-2: 40+40]}, unionCH=null, actualMembers=[host-1:REST-server-1, host-2:REST-server-2]}
2016-05-05 14:46:29,222 INFO  [org.infinispan.CLUSTER] (remote-thread--p3-t2) ISPN000336: Finished cluster-wide rebalance for cache dist, topology id = 1
2016-05-05 14:46:29,223 INFO  [org.infinispan.CLUSTER] (remote-thread--p3-t1) ISPN000336: Finished cluster-wide rebalance for cache cluster-test.war, topology id = 1
2016-05-05 14:47:10,862 INFO  [org.jboss.as.connector.subsystems.datasources] (MSC service thread 1-7) WFLYJCA0001: Bound data source [java:jboss/datasources/ExampleDS]
2016-05-05 14:47:11,242 INFO  [org.wildfly.extension.undertow] (ServerService Thread Pool -- 66) WFLYUT0021: Registered web context: /cluster-test
2016-05-05 14:47:11,329 INFO  [org.jboss.as.server] (Controller Boot Thread) WFLYSRV0010: Deployed "cluster-test.war" (runtime-name : "cluster-test.war")
2016-05-05 14:47:11,622 INFO  [org.jboss.as] (Controller Boot Thread) WFLYSRV0025: WildFly Full 9.0.2.Final (WildFly Core 1.0.2.Final) started in 104828ms - Started 327 of 508 services (281 services are lazy, passive or on-demand)
2016-05-05 14:47:15,181 INFO  [org.infinispan.remoting.transport.jgroups.JGroupsTransport] (Incoming-7,ee,host-1:REST-server-1) ISPN000094: Received new cluster view for channel web: [host-1:REST-server-1|2] (3) [host-1:REST-server-1, host-2:REST-server-2, host-1:SOAP-server-1]
2016-05-05 14:47:16,161 INFO  [org.infinispan.CLUSTER] (remote-thread--p3-t2) ISPN000310: Starting cluster-wide rebalance for cache dist, topology CacheTopology{id=3, rebalanceId=2, currentCH=DefaultConsistentHash{ns=80, owners = (2)[host-1:REST-server-1: 40+40, host-2:REST-server-2: 40+40]}, pendingCH=DefaultConsistentHash{ns=80, owners = (3)[host-1:REST-server-1: 27+27, host-2:REST-server-2: 27+26, host-1:SOAP-server-1: 26+27]}, unionCH=null, actualMembers=[host-1:REST-server-1, host-2:REST-server-2, host-1:SOAP-server-1]}
2016-05-05 14:47:16,167 INFO  [org.infinispan.CLUSTER] (remote-thread--p3-t1) ISPN000310: Starting cluster-wide rebalance for cache cluster-test.war, topology CacheTopology{id=3, rebalanceId=2, currentCH=DefaultConsistentHash{ns=80, owners = (2)[host-1:REST-server-1: 40+40, host-2:REST-server-2: 40+40]}, pendingCH=DefaultConsistentHash{ns=80, owners = (3)[host-1:REST-server-1: 27+27, host-2:REST-server-2: 27+26, host-1:SOAP-server-1: 26+27]}, unionCH=null, actualMembers=[host-1:REST-server-1, host-2:REST-server-2, host-1:SOAP-server-1]}
2016-05-05 14:47:16,352 INFO  [org.infinispan.CLUSTER] (remote-thread--p3-t1) ISPN000336: Finished cluster-wide rebalance for cache cluster-test.war, topology id = 3
2016-05-05 14:47:16,397 INFO  [org.infinispan.CLUSTER] (remote-thread--p3-t2) ISPN000336: Finished cluster-wide rebalance for cache dist, topology id = 3
2016-05-05 14:47:21,446 INFO  [org.infinispan.remoting.transport.jgroups.JGroupsTransport] (Incoming-12,ee,host-1:REST-server-1) ISPN000094: Received new cluster view for channel web: [host-1:REST-server-1|3] (4) [host-1:REST-server-1, host-2:REST-server-2, host-1:SOAP-server-1, host-2:SOAP-server-2]
2016-05-05 14:47:22,430 INFO  [org.infinispan.CLUSTER] (remote-thread--p3-t2) ISPN000310: Starting cluster-wide rebalance for cache dist, topology CacheTopology{id=5, rebalanceId=3, currentCH=DefaultConsistentHash{ns=80, owners = (3)[host-1:REST-server-1: 27+27, host-2:REST-server-2: 27+26, host-1:SOAP-server-1: 26+27]}, pendingCH=DefaultConsistentHash{ns=80, owners = (4)[host-1:REST-server-1: 20+20, host-2:REST-server-2: 20+20, host-1:SOAP-server-1: 20+20, host-2:SOAP-server-2: 20+20]}, unionCH=null, actualMembers=[host-1:REST-server-1, host-2:REST-server-2, host-1:SOAP-server-1, host-2:SOAP-server-2]}
2016-05-05 14:47:22,432 INFO  [org.infinispan.CLUSTER] (remote-thread--p3-t2) ISPN000310: Starting cluster-wide rebalance for cache cluster-test.war, topology CacheTopology{id=5, rebalanceId=3, currentCH=DefaultConsistentHash{ns=80, owners = (3)[host-1:REST-server-1: 27+27, host-2:REST-server-2: 27+26, host-1:SOAP-server-1: 26+27]}, pendingCH=DefaultConsistentHash{ns=80, owners = (4)[host-1:REST-server-1: 20+20, host-2:REST-server-2: 20+20, host-1:SOAP-server-1: 20+20, host-2:SOAP-server-2: 20+20]}, unionCH=null, actualMembers=[host-1:REST-server-1, host-2:REST-server-2, host-1:SOAP-server-1, host-2:SOAP-server-2]}
2016-05-05 14:47:22,549 INFO  [org.infinispan.CLUSTER] (remote-thread--p3-t1) ISPN000336: Finished cluster-wide rebalance for cache cluster-test.war, topology id = 5
2016-05-05 14:47:22,593 INFO  [org.infinispan.CLUSTER] (remote-thread--p3-t1) ISPN000336: Finished cluster-wide rebalance for cache dist, topology id = 5
2016-05-05 14:50:14,486 INFO  [stdout] (default task-1) ********************************+
2016-05-05 14:50:14,487 INFO  [stdout] (default task-1) Visitor(s): 0
2016-05-05 14:50:14,487 INFO  [stdout] (default task-1) ********************************+
2016-05-05 14:50:41,911 INFO  [org.infinispan.CLUSTER] (remote-thread--p3-t2) ISPN000310: Starting cluster-wide rebalance for cache cluster-test.war, topology CacheTopology{id=8, rebalanceId=4, currentCH=DefaultConsistentHash{ns=80, owners = (3)[host-1:REST-server-1: 33+7, host-1:SOAP-server-1: 22+18, host-2:SOAP-server-2: 25+15]}, pendingCH=DefaultConsistentHash{ns=80, owners = (3)[host-1:REST-server-1: 27+26, host-1:SOAP-server-1: 26+28, host-2:SOAP-server-2: 27+26]}, unionCH=null, actualMembers=[host-1:REST-server-1, host-1:SOAP-server-1, host-2:SOAP-server-2]}
2016-05-05 14:50:41,964 INFO  [org.infinispan.CLUSTER] (remote-thread--p3-t5) ISPN000310: Starting cluster-wide rebalance for cache dist, topology CacheTopology{id=8, rebalanceId=4, currentCH=DefaultConsistentHash{ns=80, owners = (3)[host-1:REST-server-1: 33+7, host-1:SOAP-server-1: 22+18, host-2:SOAP-server-2: 25+15]}, pendingCH=DefaultConsistentHash{ns=80, owners = (3)[host-1:REST-server-1: 27+26, host-1:SOAP-server-1: 26+28, host-2:SOAP-server-2: 27+26]}, unionCH=null, actualMembers=[host-1:REST-server-1, host-1:SOAP-server-1, host-2:SOAP-server-2]}
2016-05-05 14:50:42,049 INFO  [org.infinispan.remoting.transport.jgroups.JGroupsTransport] (Incoming-1,ee,host-1:REST-server-1) ISPN000094: Received new cluster view for channel web: [host-1:REST-server-1|4] (3) [host-1:REST-server-1, host-1:SOAP-server-1, host-2:SOAP-server-2]
2016-05-05 14:50:42,135 WARN  [org.infinispan.partitionhandling.impl.PreferAvailabilityStrategy] (remote-thread--p3-t5) ISPN000312: Cache cluster-test.war lost data because of graceful leaver host-2:SOAP-server-2
2016-05-05 14:50:42,151 INFO  [org.jboss.as.server] (Thread-2) WFLYSRV0220: Server shutdown has been requested.
2016-05-05 14:50:42,158 WARN  [org.infinispan.statetransfer.InboundTransferTask] (stateTransferExecutor-thread--p5-t3) ISPN000210: Failed to request segments [53, 56, 57, 58, 59] of cache cluster-test.war from node host-2:SOAP-server-2 (node will not be retried): org.infinispan.commons.CacheException: CacheNotFoundResponse
	at org.infinispan.statetransfer.InboundTransferTask.requestSegments(InboundTransferTask.java:150)
	at org.infinispan.statetransfer.StateConsumerImpl$7.call(StateConsumerImpl.java:1045)
	at org.infinispan.statetransfer.StateConsumerImpl$7.call(StateConsumerImpl.java:1042)
	at java.util.concurrent.FutureTask.run(FutureTask.java:266)
	at org.infinispan.executors.SemaphoreCompletionService$QueueingTask.runInternal(SemaphoreCompletionService.java:173)
	at org.infinispan.executors.SemaphoreCompletionService$QueueingTask.run(SemaphoreCompletionService.java:151)
	at java.util.concurrent.ThreadPoolExecutor.runWorker(ThreadPoolExecutor.java:1142)
	at java.util.concurrent.ThreadPoolExecutor$Worker.run(ThreadPoolExecutor.java:617)
	at java.lang.Thread.run(Thread.java:745)

2016-05-05 14:50:42,380 INFO  [org.wildfly.extension.undertow] (ServerService Thread Pool -- 73) WFLYUT0022: Unregistered web context: /cluster-test
2016-05-05 14:50:42,419 WARN  [org.infinispan.partitionhandling.impl.PreferAvailabilityStrategy] (remote-thread--p3-t5) ISPN000312: Cache dist lost data because of graceful leaver host-2:SOAP-server-2
2016-05-05 14:50:42,418 INFO  [org.infinispan.eviction.impl.PassivationManagerImpl] (ServerService Thread Pool -- 73) ISPN000029: Passivating all entries to disk
2016-05-05 14:50:42,489 INFO  [org.infinispan.CLUSTER] (remote-thread--p3-t2) ISPN000336: Finished cluster-wide rebalance for cache cluster-test.war, topology id = 9
2016-05-05 14:50:42,490 INFO  [org.infinispan.CLUSTER] (remote-thread--p3-t2) ISPN000310: Starting cluster-wide rebalance for cache cluster-test.war, topology CacheTopology{id=11, rebalanceId=5, currentCH=DefaultConsistentHash{ns=80, owners = (2)[host-1:REST-server-1: 38+15, host-1:SOAP-server-1: 42+12]}, pendingCH=DefaultConsistentHash{ns=80, owners = (2)[host-1:REST-server-1: 40+40, host-1:SOAP-server-1: 40+40]}, unionCH=null, actualMembers=[host-1:REST-server-1, host-1:SOAP-server-1]}
2016-05-05 14:50:42,491 INFO  [org.infinispan.remoting.transport.jgroups.JGroupsTransport] (OOB-18,ee,host-1:REST-server-1) ISPN000094: Received new cluster view for channel web: [host-1:REST-server-1|5] (2) [host-1:REST-server-1, host-1:SOAP-server-1]
2016-05-05 14:50:42,493 INFO  [org.wildfly.extension.undertow] (MSC service thread 1-1) WFLYUT0019: Host default-host stopping
2016-05-05 14:50:42,494 INFO  [org.infinispan.CLUSTER] (remote-thread--p3-t5) ISPN000336: Finished cluster-wide rebalance for cache dist, topology id = 9
2016-05-05 14:50:42,500 INFO  [org.infinispan.CLUSTER] (remote-thread--p3-t5) ISPN000310: Starting cluster-wide rebalance for cache dist, topology CacheTopology{id=11, rebalanceId=5, currentCH=DefaultConsistentHash{ns=80, owners = (2)[host-1:REST-server-1: 38+15, host-1:SOAP-server-1: 42+12]}, pendingCH=DefaultConsistentHash{ns=80, owners = (2)[host-1:REST-server-1: 40+40, host-1:SOAP-server-1: 40+40]}, unionCH=null, actualMembers=[host-1:REST-server-1, host-1:SOAP-server-1]}
2016-05-05 14:50:42,521 INFO  [org.jboss.as.connector.subsystems.datasources] (MSC service thread 1-5) WFLYJCA0010: Unbound data source [java:jboss/datasources/ExampleDS]
2016-05-05 14:50:42,538 INFO  [org.infinispan.eviction.impl.PassivationManagerImpl] (ServerService Thread Pool -- 73) ISPN000030: Passivated 2 entries in 119 milliseconds
2016-05-05 14:50:42,523 INFO  [org.jboss.modcluster] (ServerService Thread Pool -- 76) MODCLUSTER000002: Initiating mod_cluster shutdown
2016-05-05 14:50:42,543 ERROR [org.infinispan.statetransfer.StateConsumerImpl] (transport-thread--p2-t20) ISPN000208: No live owners found for segment 64 of cache cluster-test.war. Current owners are:  [host-1:SOAP-server-1]. Faulty owners: [host-1:SOAP-server-1]
2016-05-05 14:50:42,544 ERROR [org.infinispan.statetransfer.StateConsumerImpl] (transport-thread--p2-t20) ISPN000208: No live owners found for segment 65 of cache cluster-test.war. Current owners are:  [host-1:SOAP-server-1]. Faulty owners: [host-1:SOAP-server-1]
2016-05-05 14:50:42,544 ERROR [org.infinispan.statetransfer.StateConsumerImpl] (transport-thread--p2-t20) ISPN000208: No live owners found for segment 66 of cache cluster-test.war. Current owners are:  [host-1:SOAP-server-1]. Faulty owners: [host-1:SOAP-server-1]
2016-05-05 14:50:42,544 ERROR [org.infinispan.statetransfer.StateConsumerImpl] (transport-thread--p2-t20) ISPN000208: No live owners found for segment 69 of cache cluster-test.war. Current owners are:  [host-1:SOAP-server-1]. Faulty owners: [host-1:SOAP-server-1]
2016-05-05 14:50:42,544 ERROR [org.infinispan.statetransfer.StateConsumerImpl] (transport-thread--p2-t20) ISPN000208: No live owners found for segment 70 of cache cluster-test.war. Current owners are:  [host-1:SOAP-server-1]. Faulty owners: [host-1:SOAP-server-1]
2016-05-05 14:50:42,544 ERROR [org.infinispan.statetransfer.StateConsumerImpl] (transport-thread--p2-t20) ISPN000208: No live owners found for segment 71 of cache cluster-test.war. Current owners are:  [host-1:SOAP-server-1]. Faulty owners: [host-1:SOAP-server-1]
2016-05-05 14:50:42,545 ERROR [org.infinispan.statetransfer.StateConsumerImpl] (transport-thread--p2-t20) ISPN000208: No live owners found for segment 73 of cache cluster-test.war. Current owners are:  [host-1:SOAP-server-1]. Faulty owners: [host-1:SOAP-server-1]
2016-05-05 14:50:42,545 ERROR [org.infinispan.statetransfer.StateConsumerImpl] (transport-thread--p2-t20) ISPN000208: No live owners found for segment 74 of cache cluster-test.war. Current owners are:  [host-1:SOAP-server-1]. Faulty owners: [host-1:SOAP-server-1]
2016-05-05 14:50:42,545 ERROR [org.infinispan.statetransfer.StateConsumerImpl] (transport-thread--p2-t20) ISPN000208: No live owners found for segment 75 of cache cluster-test.war. Current owners are:  [host-1:SOAP-server-1]. Faulty owners: [host-1:SOAP-server-1]
2016-05-05 14:50:42,528 WARN  [org.infinispan.topology.CacheTopologyControlCommand] (remote-thread--p3-t6) ISPN000071: Caught exception when handling command CacheTopologyControlCommand{cache=dist, type=REBALANCE_CONFIRM, sender=host-1:SOAP-server-1, joinInfo=null, topologyId=8, rebalanceId=4, currentCH=null, pendingCH=null, availabilityMode=null, actualMembers=null, throwable=null, viewId=4}: org.infinispan.commons.CacheException: Received invalid rebalance confirmation from host-1:SOAP-server-1 for cache dist, expecting topology id 11 but got 8
	at org.infinispan.topology.RebalanceConfirmationCollector.confirmRebalance(RebalanceConfirmationCollector.java:39)
	at org.infinispan.topology.ClusterCacheStatus.doConfirmRebalance(ClusterCacheStatus.java:292)
	at org.infinispan.topology.ClusterTopologyManagerImpl.handleRebalanceCompleted(ClusterTopologyManagerImpl.java:204)
	at org.infinispan.topology.CacheTopologyControlCommand.doPerform(CacheTopologyControlCommand.java:167)
	at org.infinispan.topology.CacheTopologyControlCommand.perform(CacheTopologyControlCommand.java:144)
	at org.infinispan.remoting.inboundhandler.GlobalInboundInvocationHandler$2.run(GlobalInboundInvocationHandler.java:158)
	at java.util.concurrent.ThreadPoolExecutor.runWorker(ThreadPoolExecutor.java:1142)
	at java.util.concurrent.ThreadPoolExecutor$Worker.run(ThreadPoolExecutor.java:617)
	at java.lang.Thread.run(Thread.java:745)

2016-05-05 14:50:42,556 ERROR [org.infinispan.statetransfer.StateConsumerImpl] (transport-thread--p2-t20) ISPN000208: No live owners found for segment 76 of cache cluster-test.war. Current owners are:  [host-1:SOAP-server-1]. Faulty owners: [host-1:SOAP-server-1]
2016-05-05 14:50:42,556 ERROR [org.infinispan.statetransfer.StateConsumerImpl] (transport-thread--p2-t20) ISPN000208: No live owners found for segment 77 of cache cluster-test.war. Current owners are:  [host-1:SOAP-server-1]. Faulty owners: [host-1:SOAP-server-1]
2016-05-05 14:50:42,557 ERROR [org.infinispan.statetransfer.StateConsumerImpl] (transport-thread--p2-t20) ISPN000208: No live owners found for segment 78 of cache cluster-test.war. Current owners are:  [host-1:SOAP-server-1]. Faulty owners: [host-1:SOAP-server-1]
2016-05-05 14:50:42,557 ERROR [org.infinispan.statetransfer.StateConsumerImpl] (transport-thread--p2-t20) ISPN000208: No live owners found for segment 79 of cache cluster-test.war. Current owners are:  [host-1:SOAP-server-1]. Faulty owners: [host-1:SOAP-server-1]
2016-05-05 14:50:42,557 ERROR [org.infinispan.statetransfer.StateConsumerImpl] (transport-thread--p2-t20) ISPN000208: No live owners found for segment 20 of cache cluster-test.war. Current owners are:  [host-1:SOAP-server-1]. Faulty owners: [host-1:SOAP-server-1]
2016-05-05 14:50:42,557 ERROR [org.infinispan.statetransfer.StateConsumerImpl] (transport-thread--p2-t20) ISPN000208: No live owners found for segment 22 of cache cluster-test.war. Current owners are:  [host-1:SOAP-server-1]. Faulty owners: [host-1:SOAP-server-1]
2016-05-05 14:50:42,559 ERROR [org.infinispan.statetransfer.StateConsumerImpl] (transport-thread--p2-t20) ISPN000208: No live owners found for segment 24 of cache cluster-test.war. Current owners are:  [host-1:SOAP-server-1]. Faulty owners: [host-1:SOAP-server-1]
2016-05-05 14:50:42,563 ERROR [org.infinispan.statetransfer.StateConsumerImpl] (transport-thread--p2-t20) ISPN000208: No live owners found for segment 26 of cache cluster-test.war. Current owners are:  [host-1:SOAP-server-1]. Faulty owners: [host-1:SOAP-server-1]
2016-05-05 14:50:42,563 ERROR [org.infinispan.statetransfer.StateConsumerImpl] (transport-thread--p2-t20) ISPN000208: No live owners found for segment 34 of cache cluster-test.war. Current owners are:  [host-1:SOAP-server-1]. Faulty owners: [host-1:SOAP-server-1]
2016-05-05 14:50:42,563 ERROR [org.infinispan.statetransfer.StateConsumerImpl] (transport-thread--p2-t20) ISPN000208: No live owners found for segment 35 of cache cluster-test.war. Current owners are:  [host-1:SOAP-server-1]. Faulty owners: [host-1:SOAP-server-1]
2016-05-05 14:50:42,563 ERROR [org.infinispan.statetransfer.StateConsumerImpl] (transport-thread--p2-t20) ISPN000208: No live owners found for segment 36 of cache cluster-test.war. Current owners are:  [host-1:SOAP-server-1]. Faulty owners: [host-1:SOAP-server-1]
2016-05-05 14:50:42,564 ERROR [org.infinispan.statetransfer.StateConsumerImpl] (transport-thread--p2-t20) ISPN000208: No live owners found for segment 37 of cache cluster-test.war. Current owners are:  [host-1:SOAP-server-1]. Faulty owners: [host-1:SOAP-server-1]
2016-05-05 14:50:42,564 ERROR [org.infinispan.statetransfer.StateConsumerImpl] (transport-thread--p2-t20) ISPN000208: No live owners found for segment 38 of cache cluster-test.war. Current owners are:  [host-1:SOAP-server-1]. Faulty owners: [host-1:SOAP-server-1]
2016-05-05 14:50:42,565 ERROR [org.infinispan.statetransfer.StateConsumerImpl] (transport-thread--p2-t20) ISPN000208: No live owners found for segment 39 of cache cluster-test.war. Current owners are:  [host-1:SOAP-server-1]. Faulty owners: [host-1:SOAP-server-1]
2016-05-05 14:50:42,567 ERROR [org.infinispan.statetransfer.StateConsumerImpl] (transport-thread--p2-t20) ISPN000208: No live owners found for segment 60 of cache cluster-test.war. Current owners are:  [host-1:SOAP-server-1]. Faulty owners: [host-1:SOAP-server-1]
2016-05-05 14:50:42,567 ERROR [org.infinispan.statetransfer.StateConsumerImpl] (transport-thread--p2-t20) ISPN000208: No live owners found for segment 61 of cache cluster-test.war. Current owners are:  [host-1:SOAP-server-1]. Faulty owners: [host-1:SOAP-server-1]
2016-05-05 14:50:42,570 ERROR [org.infinispan.statetransfer.StateConsumerImpl] (transport-thread--p2-t20) ISPN000208: No live owners found for segment 62 of cache cluster-test.war. Current owners are:  [host-1:SOAP-server-1]. Faulty owners: [host-1:SOAP-server-1]
2016-05-05 14:50:42,571 ERROR [org.infinispan.statetransfer.StateConsumerImpl] (transport-thread--p2-t20) ISPN000208: No live owners found for segment 63 of cache cluster-test.war. Current owners are:  [host-1:SOAP-server-1]. Faulty owners: [host-1:SOAP-server-1]
2016-05-05 14:50:42,571 ERROR [org.infinispan.statetransfer.StateConsumerImpl] (transport-thread--p2-t20) ISPN000208: No live owners found for segment 20 of cache cluster-test.war. Current owners are:  [host-1:SOAP-server-1]. Faulty owners: [host-1:SOAP-server-1]
2016-05-05 14:50:42,571 ERROR [org.infinispan.statetransfer.StateConsumerImpl] (transport-thread--p2-t20) ISPN000208: No live owners found for segment 22 of cache cluster-test.war. Current owners are:  [host-1:SOAP-server-1]. Faulty owners: [host-1:SOAP-server-1]
2016-05-05 14:50:42,657 ERROR [org.infinispan.statetransfer.StateConsumerImpl] (transport-thread--p2-t20) ISPN000208: No live owners found for segment 24 of cache cluster-test.war. Current owners are:  [host-1:SOAP-server-1]. Faulty owners: [host-1:SOAP-server-1]
2016-05-05 14:50:42,662 WARN  [org.infinispan.partitionhandling.impl.PreferAvailabilityStrategy] (ServerService Thread Pool -- 73) ISPN000312: Cache cluster-test.war lost data because of graceful leaver host-1:REST-server-1
2016-05-05 14:50:42,695 ERROR [org.infinispan.statetransfer.StateConsumerImpl] (transport-thread--p2-t20) ISPN000208: No live owners found for segment 26 of cache cluster-test.war. Current owners are:  [host-1:SOAP-server-1]. Faulty owners: [host-1:SOAP-server-1]
2016-05-05 14:50:42,702 WARN  [org.infinispan.statetransfer.InboundTransferTask] (stateTransferExecutor-thread--p5-t5) ISPN000210: Failed to request segments [64, 65, 66, 69, 70, 71, 73, 74, 75, 76, 77, 78, 79, 20, 22, 24, 26, 34, 35, 36, 37, 38, 39, 60, 61, 62, 63] of cache dist from node host-1:SOAP-server-1 (node will not be retried): org.infinispan.commons.CacheException: CacheNotFoundResponse
	at org.infinispan.statetransfer.InboundTransferTask.requestSegments(InboundTransferTask.java:150)
	at org.infinispan.statetransfer.StateConsumerImpl$7.call(StateConsumerImpl.java:1045)
	at org.infinispan.statetransfer.StateConsumerImpl$7.call(StateConsumerImpl.java:1042)
	at java.util.concurrent.FutureTask.run(FutureTask.java:266)
	at org.infinispan.executors.SemaphoreCompletionService$QueueingTask.runInternal(SemaphoreCompletionService.java:173)
	at org.infinispan.executors.SemaphoreCompletionService$QueueingTask.run(SemaphoreCompletionService.java:151)
	at java.util.concurrent.ThreadPoolExecutor.runWorker(ThreadPoolExecutor.java:1142)
	at java.util.concurrent.ThreadPoolExecutor$Worker.run(ThreadPoolExecutor.java:617)
	at java.lang.Thread.run(Thread.java:745)

2016-05-05 14:50:42,705 INFO  [org.infinispan.eviction.impl.PassivationManagerImpl] (ServerService Thread Pool -- 80) ISPN000029: Passivating all entries to disk
2016-05-05 14:50:42,706 INFO  [org.jboss.as.connector.deployers.jdbc] (MSC service thread 1-8) WFLYJCA0019: Stopped Driver service with driver-name = h2
2016-05-05 14:50:42,721 INFO  [org.jboss.as.clustering.infinispan] (ServerService Thread Pool -- 73) WFLYCLINF0003: Stopped cluster-test.war cache from web container
2016-05-05 14:50:42,719 INFO  [org.infinispan.eviction.impl.PassivationManagerImpl] (ServerService Thread Pool -- 80) ISPN000030: Passivated 1 entries in 14 milliseconds
2016-05-05 14:50:42,732 ERROR [org.infinispan.statetransfer.StateConsumerImpl] (transport-thread--p2-t20) ISPN000208: No live owners found for segment 34 of cache cluster-test.war. Current owners are:  [host-1:SOAP-server-1]. Faulty owners: [host-1:SOAP-server-1]
2016-05-05 14:50:42,739 ERROR [org.infinispan.statetransfer.StateConsumerImpl] (transport-thread--p2-t20) ISPN000208: No live owners found for segment 35 of cache cluster-test.war. Current owners are:  [host-1:SOAP-server-1]. Faulty owners: [host-1:SOAP-server-1]
2016-05-05 14:50:42,740 ERROR [org.infinispan.statetransfer.StateConsumerImpl] (transport-thread--p2-t20) ISPN000208: No live owners found for segment 36 of cache cluster-test.war. Current owners are:  [host-1:SOAP-server-1]. Faulty owners: [host-1:SOAP-server-1]
2016-05-05 14:50:42,740 ERROR [org.infinispan.statetransfer.StateConsumerImpl] (transport-thread--p2-t20) ISPN000208: No live owners found for segment 37 of cache cluster-test.war. Current owners are:  [host-1:SOAP-server-1]. Faulty owners: [host-1:SOAP-server-1]
2016-05-05 14:50:42,750 ERROR [org.infinispan.statetransfer.StateConsumerImpl] (transport-thread--p2-t20) ISPN000208: No live owners found for segment 38 of cache cluster-test.war. Current owners are:  [host-1:SOAP-server-1]. Faulty owners: [host-1:SOAP-server-1]
2016-05-05 14:50:42,750 ERROR [org.infinispan.statetransfer.StateConsumerImpl] (transport-thread--p2-t20) ISPN000208: No live owners found for segment 39 of cache cluster-test.war. Current owners are:  [host-1:SOAP-server-1]. Faulty owners: [host-1:SOAP-server-1]
2016-05-05 14:50:42,750 ERROR [org.infinispan.statetransfer.StateConsumerImpl] (transport-thread--p2-t20) ISPN000208: No live owners found for segment 60 of cache cluster-test.war. Current owners are:  [host-1:SOAP-server-1]. Faulty owners: [host-1:SOAP-server-1]
2016-05-05 14:50:42,750 ERROR [org.infinispan.statetransfer.StateConsumerImpl] (transport-thread--p2-t20) ISPN000208: No live owners found for segment 61 of cache cluster-test.war. Current owners are:  [host-1:SOAP-server-1]. Faulty owners: [host-1:SOAP-server-1]
2016-05-05 14:50:42,751 ERROR [org.infinispan.statetransfer.StateConsumerImpl] (transport-thread--p2-t20) ISPN000208: No live owners found for segment 62 of cache cluster-test.war. Current owners are:  [host-1:SOAP-server-1]. Faulty owners: [host-1:SOAP-server-1]
2016-05-05 14:50:42,752 ERROR [org.infinispan.statetransfer.StateConsumerImpl] (transport-thread--p2-t20) ISPN000208: No live owners found for segment 63 of cache cluster-test.war. Current owners are:  [host-1:SOAP-server-1]. Faulty owners: [host-1:SOAP-server-1]
2016-05-05 14:50:42,752 ERROR [org.infinispan.statetransfer.StateConsumerImpl] (transport-thread--p2-t20) ISPN000208: No live owners found for segment 64 of cache cluster-test.war. Current owners are:  [host-1:SOAP-server-1]. Faulty owners: [host-1:SOAP-server-1]
2016-05-05 14:50:42,752 ERROR [org.infinispan.statetransfer.StateConsumerImpl] (transport-thread--p2-t20) ISPN000208: No live owners found for segment 65 of cache cluster-test.war. Current owners are:  [host-1:SOAP-server-1]. Faulty owners: [host-1:SOAP-server-1]
2016-05-05 14:50:42,752 ERROR [org.infinispan.statetransfer.StateConsumerImpl] (transport-thread--p2-t20) ISPN000208: No live owners found for segment 66 of cache cluster-test.war. Current owners are:  [host-1:SOAP-server-1]. Faulty owners: [host-1:SOAP-server-1]
2016-05-05 14:50:42,753 ERROR [org.infinispan.statetransfer.StateConsumerImpl] (transport-thread--p2-t20) ISPN000208: No live owners found for segment 69 of cache cluster-test.war. Current owners are:  [host-1:SOAP-server-1]. Faulty owners: [host-1:SOAP-server-1]
2016-05-05 14:50:42,753 ERROR [org.infinispan.statetransfer.StateConsumerImpl] (transport-thread--p2-t20) ISPN000208: No live owners found for segment 70 of cache cluster-test.war. Current owners are:  [host-1:SOAP-server-1]. Faulty owners: [host-1:SOAP-server-1]
2016-05-05 14:50:42,771 ERROR [org.infinispan.statetransfer.StateConsumerImpl] (transport-thread--p2-t20) ISPN000208: No live owners found for segment 71 of cache cluster-test.war. Current owners are:  [host-1:SOAP-server-1]. Faulty owners: [host-1:SOAP-server-1]
2016-05-05 14:50:42,771 ERROR [org.infinispan.statetransfer.StateConsumerImpl] (transport-thread--p2-t20) ISPN000208: No live owners found for segment 73 of cache cluster-test.war. Current owners are:  [host-1:SOAP-server-1]. Faulty owners: [host-1:SOAP-server-1]
2016-05-05 14:50:42,771 ERROR [org.infinispan.statetransfer.StateConsumerImpl] (transport-thread--p2-t20) ISPN000208: No live owners found for segment 74 of cache cluster-test.war. Current owners are:  [host-1:SOAP-server-1]. Faulty owners: [host-1:SOAP-server-1]
2016-05-05 14:50:42,791 ERROR [org.infinispan.statetransfer.StateConsumerImpl] (transport-thread--p2-t20) ISPN000208: No live owners found for segment 75 of cache cluster-test.war. Current owners are:  [host-1:SOAP-server-1]. Faulty owners: [host-1:SOAP-server-1]
2016-05-05 14:50:42,798 ERROR [org.infinispan.statetransfer.StateConsumerImpl] (transport-thread--p2-t20) ISPN000208: No live owners found for segment 76 of cache cluster-test.war. Current owners are:  [host-1:SOAP-server-1]. Faulty owners: [host-1:SOAP-server-1]
2016-05-05 14:50:42,806 ERROR [org.infinispan.statetransfer.StateConsumerImpl] (transport-thread--p2-t20) ISPN000208: No live owners found for segment 77 of cache cluster-test.war. Current owners are:  [host-1:SOAP-server-1]. Faulty owners: [host-1:SOAP-server-1]
2016-05-05 14:50:42,808 ERROR [org.infinispan.statetransfer.StateConsumerImpl] (transport-thread--p2-t20) ISPN000208: No live owners found for segment 78 of cache cluster-test.war. Current owners are:  [host-1:SOAP-server-1]. Faulty owners: [host-1:SOAP-server-1]
2016-05-05 14:50:42,808 ERROR [org.infinispan.statetransfer.StateConsumerImpl] (transport-thread--p2-t20) ISPN000208: No live owners found for segment 79 of cache cluster-test.war. Current owners are:  [host-1:SOAP-server-1]. Faulty owners: [host-1:SOAP-server-1]
2016-05-05 14:50:42,830 WARN  [org.infinispan.topology.CacheTopologyControlCommand] (remote-thread--p3-t6) ISPN000071: Caught exception when handling command CacheTopologyControlCommand{cache=cluster-test.war, type=REBALANCE_CONFIRM, sender=host-1:SOAP-server-1, joinInfo=null, topologyId=11, rebalanceId=5, currentCH=null, pendingCH=null, availabilityMode=null, actualMembers=null, throwable=null, viewId=5}: org.infinispan.commons.CacheException: Received invalid rebalance confirmation from host-1:SOAP-server-1 for cache cluster-test.war, we don't have a rebalance in progress
	at org.infinispan.topology.ClusterCacheStatus.doConfirmRebalance(ClusterCacheStatus.java:288)
	at org.infinispan.topology.ClusterTopologyManagerImpl.handleRebalanceCompleted(ClusterTopologyManagerImpl.java:204)
	at org.infinispan.topology.CacheTopologyControlCommand.doPerform(CacheTopologyControlCommand.java:167)
	at org.infinispan.topology.CacheTopologyControlCommand.perform(CacheTopologyControlCommand.java:144)
	at org.infinispan.remoting.inboundhandler.GlobalInboundInvocationHandler$2.run(GlobalInboundInvocationHandler.java:158)
	at java.util.concurrent.ThreadPoolExecutor.runWorker(ThreadPoolExecutor.java:1142)
	at java.util.concurrent.ThreadPoolExecutor$Worker.run(ThreadPoolExecutor.java:617)
	at java.lang.Thread.run(Thread.java:745)

2016-05-05 14:50:42,829 WARN  [org.infinispan.topology.CacheTopologyControlCommand] (remote-thread--p3-t2) ISPN000071: Caught exception when handling command CacheTopologyControlCommand{cache=cluster-test.war, type=REBALANCE_CONFIRM, sender=host-1:SOAP-server-1, joinInfo=null, topologyId=12, rebalanceId=5, currentCH=null, pendingCH=null, availabilityMode=null, actualMembers=null, throwable=null, viewId=5}: org.infinispan.commons.CacheException: Received invalid rebalance confirmation from host-1:SOAP-server-1 for cache cluster-test.war, we don't have a rebalance in progress
	at org.infinispan.topology.ClusterCacheStatus.doConfirmRebalance(ClusterCacheStatus.java:288)
	at org.infinispan.topology.ClusterTopologyManagerImpl.handleRebalanceCompleted(ClusterTopologyManagerImpl.java:204)
	at org.infinispan.topology.CacheTopologyControlCommand.doPerform(CacheTopologyControlCommand.java:167)
	at org.infinispan.topology.CacheTopologyControlCommand.perform(CacheTopologyControlCommand.java:144)
	at org.infinispan.remoting.inboundhandler.GlobalInboundInvocationHandler$2.run(GlobalInboundInvocationHandler.java:158)
	at java.util.concurrent.ThreadPoolExecutor.runWorker(ThreadPoolExecutor.java:1142)
	at java.util.concurrent.ThreadPoolExecutor$Worker.run(ThreadPoolExecutor.java:617)
	at java.lang.Thread.run(Thread.java:745)

2016-05-05 14:50:42,867 INFO  [org.hibernate.validator.internal.util.Version] (MSC service thread 1-6) HV000001: Hibernate Validator 5.1.3.Final
2016-05-05 14:50:42,934 INFO  [org.wildfly.extension.undertow] (MSC service thread 1-3) WFLYUT0008: Undertow HTTP listener default suspending
2016-05-05 14:50:42,934 INFO  [org.wildfly.extension.undertow] (MSC service thread 1-7) WFLYUT0008: Undertow AJP listener ajp suspending
2016-05-05 14:50:42,937 INFO  [org.jboss.as.server.deployment] (MSC service thread 1-8) WFLYSRV0028: Stopped deployment cluster-test.war (runtime-name: cluster-test.war) in 760ms
2016-05-05 14:50:42,940 INFO  [org.wildfly.extension.undertow] (MSC service thread 1-7) WFLYUT0007: Undertow AJP listener ajp stopped, was bound to /127.0.0.1:8109
2016-05-05 14:50:42,944 INFO  [org.wildfly.extension.undertow] (MSC service thread 1-3) WFLYUT0007: Undertow HTTP listener default stopped, was bound to /127.0.0.1:8180
2016-05-05 14:50:42,949 INFO  [org.wildfly.extension.undertow] (MSC service thread 1-3) WFLYUT0004: Undertow 1.2.9.Final stopping
2016-05-05 14:51:12,813 WARN  [org.infinispan.partitionhandling.impl.PreferAvailabilityStrategy] (remote-thread--p3-t2) ISPN000312: Cache dist lost data because of graceful leaver host-1:SOAP-server-1
2016-05-05 14:51:12,815 INFO  [org.infinispan.CLUSTER] (transport-thread--p2-t5) ISPN000336: Finished cluster-wide rebalance for cache dist, topology id = 12
2016-05-05 14:51:12,829 INFO  [org.infinispan.remoting.transport.jgroups.JGroupsTransport] (Incoming-10,ee,host-1:REST-server-1) ISPN000094: Received new cluster view for channel web: [host-1:REST-server-1|6] (1) [host-1:REST-server-1]
2016-05-05 14:51:12,848 WARN  [org.infinispan.transaction.impl.TransactionTable] (ServerService Thread Pool -- 80) ISPN000100: Stopping, but there are 0 local transactions and 1 remote transactions that did not finish in time.
2016-05-05 14:51:12,848 INFO  [org.jboss.as.clustering.infinispan] (ServerService Thread Pool -- 80) WFLYCLINF0003: Stopped dist cache from web container
2016-05-05 14:51:12,850 INFO  [org.infinispan.remoting.transport.jgroups.JGroupsTransport] (MSC service thread 1-4) ISPN000080: Disconnecting JGroups channel web
2016-05-05 14:51:12,850 INFO  [org.infinispan.remoting.transport.jgroups.JGroupsTransport] (MSC service thread 1-4) ISPN000082: Stopping the RpcDispatcher for channel web
2016-05-05 14:51:12,876 INFO  [org.jboss.as] (MSC service thread 1-2) WFLYSRV0050: WildFly Full 9.0.2.Final (WildFly Core 1.0.2.Final) stopped in 30700ms
2016-05-05 14:56:27,220 INFO  [org.jboss.modules] (main) JBoss Modules version 1.4.3.Final
2016-05-05 14:56:27,429 INFO  [org.jboss.msc] (main) JBoss MSC version 1.2.6.Final
2016-05-05 14:56:27,498 INFO  [org.jboss.as] (MSC service thread 1-8) WFLYSRV0049: WildFly Full 9.0.2.Final (WildFly Core 1.0.2.Final) starting
2016-05-05 14:56:27,500 DEBUG [org.jboss.as.config] (MSC service thread 1-8) Configured system properties:
	[Server:REST-server-1] = 
	awt.toolkit = sun.awt.X11.XToolkit
	file.encoding = UTF-8
	file.encoding.pkg = sun.io
	file.separator = /
	java.awt.graphicsenv = sun.awt.X11GraphicsEnvironment
	java.awt.headless = true
	java.awt.printerjob = sun.print.PSPrinterJob
	java.class.path = /home/jurikolo/wf_cookbook/wildfly902/jboss-modules.jar
	java.class.version = 52.0
	java.endorsed.dirs = /opt/oracle/jdk1.8.0_45x64/jre/lib/endorsed
	java.ext.dirs = /opt/oracle/jdk1.8.0_45x64/jre/lib/ext:/usr/java/packages/lib/ext
	java.home = /opt/oracle/jdk1.8.0_45x64/jre
	java.io.tmpdir = /tmp
	java.library.path = /usr/java/packages/lib/amd64:/usr/lib64:/lib64:/lib:/usr/lib
	java.net.preferIPv4Stack = true
	java.runtime.name = Java(TM) SE Runtime Environment
	java.runtime.version = 1.8.0_45-b14
	java.specification.name = Java Platform API Specification
	java.specification.vendor = Oracle Corporation
	java.specification.version = 1.8
	java.util.logging.manager = org.jboss.logmanager.LogManager
	java.vendor = Oracle Corporation
	java.vendor.url = http://java.oracle.com/
	java.vendor.url.bug = http://bugreport.sun.com/bugreport/
	java.version = 1.8.0_45
	java.vm.info = mixed mode
	java.vm.name = Java HotSpot(TM) 64-Bit Server VM
	java.vm.specification.name = Java Virtual Machine Specification
	java.vm.specification.vendor = Oracle Corporation
	java.vm.specification.version = 1.8
	java.vm.vendor = Oracle Corporation
	java.vm.version = 25.45-b02
	javax.management.builder.initial = org.jboss.as.jmx.PluggableMBeanServerBuilder
	javax.xml.datatype.DatatypeFactory = __redirected.__DatatypeFactory
	javax.xml.parsers.DocumentBuilderFactory = __redirected.__DocumentBuilderFactory
	javax.xml.parsers.SAXParserFactory = __redirected.__SAXParserFactory
	javax.xml.stream.XMLEventFactory = __redirected.__XMLEventFactory
	javax.xml.stream.XMLInputFactory = __redirected.__XMLInputFactory
	javax.xml.stream.XMLOutputFactory = __redirected.__XMLOutputFactory
	javax.xml.transform.TransformerFactory = __redirected.__TransformerFactory
	javax.xml.validation.SchemaFactory:http://www.w3.org/2001/XMLSchema = __redirected.__SchemaFactory
	javax.xml.xpath.XPathFactory:http://java.sun.com/jaxp/xpath/dom = __redirected.__XPathFactory
	jboss.default.multicast.address = 230.0.0.4
	jboss.domain.base.dir = /home/jurikolo/wf_cookbook/wildfly902/cl-dmn2-host-1
	jboss.domain.config.dir = /home/jurikolo/wf_cookbook/wildfly902/cl-dmn2-host-1/configuration
	jboss.domain.master.address = 127.0.0.1
	jboss.home.dir = /home/jurikolo/wf_cookbook/wildfly902
	jboss.host.name = t2007030
	jboss.modules.dir = /home/jurikolo/wf_cookbook/wildfly902/modules
	jboss.modules.system.pkgs = org.jboss.byteman
	jboss.node.name = host-1:REST-server-1
	jboss.qualified.host.name = t2007030.tele2.net
	jboss.server.base.dir = /home/jurikolo/wf_cookbook/wildfly902/cl-dmn2-host-1/servers/REST-server-1
	jboss.server.config.dir = /home/jurikolo/wf_cookbook/wildfly902/cl-dmn2-host-1/servers/REST-server-1/configuration
	jboss.server.data.dir = /home/jurikolo/wf_cookbook/wildfly902/cl-dmn2-host-1/servers/REST-server-1/data
	jboss.server.deploy.dir = /home/jurikolo/wf_cookbook/wildfly902/cl-dmn2-host-1/servers/REST-server-1/data/content
	jboss.server.log.dir = /home/jurikolo/wf_cookbook/wildfly902/cl-dmn2-host-1/servers/REST-server-1/log
	jboss.server.name = REST-server-1
	jboss.server.persist.config = true
	jboss.server.temp.dir = /home/jurikolo/wf_cookbook/wildfly902/cl-dmn2-host-1/servers/REST-server-1/tmp
	line.separator = 

	logging.configuration = file:/home/jurikolo/wf_cookbook/wildfly902/cl-dmn2-host-1/servers/REST-server-1/data/logging.properties
	module.path = /home/jurikolo/wf_cookbook/wildfly902/modules
	org.jboss.resolver.warning = true
	org.xml.sax.driver = __redirected.__XMLReaderFactory
	os.arch = amd64
	os.name = Linux
	os.version = 4.4.8-300.fc23.x86_64
	path.separator = :
	rest.multicast.address = 230.0.0.4
	soap.multicast.address = 230.0.0.5
	sun.arch.data.model = 64
	sun.boot.class.path = /opt/oracle/jdk1.8.0_45x64/jre/lib/resources.jar:/opt/oracle/jdk1.8.0_45x64/jre/lib/rt.jar:/opt/oracle/jdk1.8.0_45x64/jre/lib/sunrsasign.jar:/opt/oracle/jdk1.8.0_45x64/jre/lib/jsse.jar:/opt/oracle/jdk1.8.0_45x64/jre/lib/jce.jar:/opt/oracle/jdk1.8.0_45x64/jre/lib/charsets.jar:/opt/oracle/jdk1.8.0_45x64/jre/lib/jfr.jar:/opt/oracle/jdk1.8.0_45x64/jre/classes
	sun.boot.library.path = /opt/oracle/jdk1.8.0_45x64/jre/lib/amd64
	sun.cpu.endian = little
	sun.cpu.isalist = 
	sun.desktop = gnome
	sun.io.unicode.encoding = UnicodeLittle
	sun.java.command = /home/jurikolo/wf_cookbook/wildfly902/jboss-modules.jar -mp /home/jurikolo/wf_cookbook/wildfly902/modules org.jboss.as.server
	sun.java.launcher = SUN_STANDARD
	sun.jnu.encoding = UTF-8
	sun.management.compiler = HotSpot 64-Bit Tiered Compilers
	sun.os.patch.level = unknown
	user.country = US
	user.dir = /home/jurikolo/wf_cookbook/wildfly902
	user.home = /home/jurikolo
	user.language = en
	user.name = jurikolo
	user.timezone = Europe/Riga
2016-05-05 14:56:27,501 DEBUG [org.jboss.as.config] (MSC service thread 1-8) VM Arguments: -D[Server:REST-server-1] -Xms384m -Xmx384m -Djava.awt.headless=true -Djava.net.preferIPv4Stack=true -Djboss.default.multicast.address=230.0.0.4 -Djboss.domain.base.dir=cl-dmn2-host-1 -Djboss.domain.master.address=127.0.0.1 -Djboss.home.dir=/home/jurikolo/wf_cookbook/wildfly902 -Djboss.modules.system.pkgs=org.jboss.byteman -Drest.multicast.address=230.0.0.4 -Dsoap.multicast.address=230.0.0.5 -Djboss.server.log.dir=/home/jurikolo/wf_cookbook/wildfly902/cl-dmn2-host-1/servers/REST-server-1/log -Djboss.server.temp.dir=/home/jurikolo/wf_cookbook/wildfly902/cl-dmn2-host-1/servers/REST-server-1/tmp -Djboss.server.data.dir=/home/jurikolo/wf_cookbook/wildfly902/cl-dmn2-host-1/servers/REST-server-1/data -Dlogging.configuration=file:/home/jurikolo/wf_cookbook/wildfly902/cl-dmn2-host-1/servers/REST-server-1/data/logging.properties 
2016-05-05 14:56:27,571 INFO  [org.xnio] (MSC service thread 1-7) XNIO version 3.3.1.Final
2016-05-05 14:56:27,593 INFO  [org.xnio.nio] (MSC service thread 1-7) XNIO NIO Implementation Version 3.3.1.Final
2016-05-05 14:56:27,619 INFO  [org.jboss.remoting] (MSC service thread 1-7) JBoss Remoting version 4.0.9.Final
2016-05-05 14:57:19,934 INFO  [org.jboss.as.controller.management-deprecated] (ServerService Thread Pool -- 18) WFLYCTL0028: Attribute 'default-stack' in the resource at address '/subsystem=jgroups' is deprecated, and may be removed in future version. See the attribute description in the output of the read-resource-description operation to learn more about the deprecation.
2016-05-05 14:57:19,945 INFO  [org.jboss.as.controller.management-deprecated] (ServerService Thread Pool -- 30) WFLYCTL0028: Attribute 'enabled' in the resource at address '/subsystem=datasources/data-source=ExampleDS' is deprecated, and may be removed in future version. See the attribute description in the output of the read-resource-description operation to learn more about the deprecation.
2016-05-05 14:57:19,952 INFO  [org.jboss.as.controller.management-deprecated] (ServerService Thread Pool -- 20) WFLYCTL0028: Attribute 'job-repository-type' in the resource at address '/subsystem=batch' is deprecated, and may be removed in future version. See the attribute description in the output of the read-resource-description operation to learn more about the deprecation.
2016-05-05 14:57:20,709 INFO  [org.jboss.as.security] (ServerService Thread Pool -- 39) WFLYSEC0002: Activating Security Subsystem
2016-05-05 14:57:20,702 WARN  [org.jboss.as.txn] (ServerService Thread Pool -- 37) WFLYTX0013: Node identifier property is set to the default value. Please make sure it is unique.
2016-05-05 14:57:20,775 INFO  [org.jboss.as.security] (MSC service thread 1-3) WFLYSEC0001: Current PicketBox version=4.9.2.Final
2016-05-05 14:57:20,798 INFO  [org.jboss.as.naming] (ServerService Thread Pool -- 45) WFLYNAM0001: Activating Naming Subsystem
2016-05-05 14:57:20,812 INFO  [org.jboss.as.webservices] (ServerService Thread Pool -- 35) WFLYWS0002: Activating WebServices Extension
2016-05-05 14:57:20,830 INFO  [org.jboss.as.clustering.infinispan] (ServerService Thread Pool -- 55) WFLYCLINF0001: Activating Infinispan subsystem.
2016-05-05 14:57:20,814 INFO  [org.jboss.as.clustering.jgroups] (ServerService Thread Pool -- 51) WFLYCLJG0001: Activating JGroups subsystem.
2016-05-05 14:57:20,876 INFO  [org.wildfly.extension.io] (ServerService Thread Pool -- 56) WFLYIO001: Worker 'default' has auto-configured to 8 core threads with 64 task threads based on your 4 available processors
2016-05-05 14:57:20,881 INFO  [org.wildfly.extension.undertow] (ServerService Thread Pool -- 36) WFLYUT0003: Undertow 1.2.9.Final starting
2016-05-05 14:57:20,882 INFO  [org.wildfly.extension.undertow] (MSC service thread 1-2) WFLYUT0003: Undertow 1.2.9.Final starting
2016-05-05 14:57:20,892 INFO  [org.jboss.as.jsf] (ServerService Thread Pool -- 48) WFLYJSF0007: Activated the following JSF Implementations: [main]
2016-05-05 14:57:20,908 INFO  [org.jboss.as.connector.subsystems.datasources] (ServerService Thread Pool -- 59) WFLYJCA0004: Deploying JDBC-compliant driver class org.h2.Driver (version 1.3)
2016-05-05 14:57:21,052 INFO  [org.jboss.as.connector] (MSC service thread 1-2) WFLYJCA0009: Starting JCA Subsystem (IronJacamar 1.2.5.Final)
2016-05-05 14:57:21,108 INFO  [org.jboss.as.naming] (MSC service thread 1-3) WFLYNAM0003: Starting Naming Service
2016-05-05 14:57:21,127 INFO  [org.jboss.as.mail.extension] (MSC service thread 1-3) WFLYMAIL0001: Bound mail session [java:jboss/mail/Default]
2016-05-05 14:57:21,126 INFO  [org.jboss.as.connector.deployers.jdbc] (MSC service thread 1-1) WFLYJCA0018: Started Driver service with driver-name = h2
2016-05-05 14:57:21,275 INFO  [org.wildfly.extension.undertow] (ServerService Thread Pool -- 36) WFLYUT0014: Creating file handler for path /home/jurikolo/wf_cookbook/wildfly902/welcome-content
2016-05-05 14:57:21,501 INFO  [org.wildfly.extension.undertow] (MSC service thread 1-8) WFLYUT0012: Started server default-server.
2016-05-05 14:57:21,536 INFO  [org.wildfly.extension.undertow] (MSC service thread 1-6) WFLYUT0018: Host default-host starting
2016-05-05 14:57:21,736 INFO  [org.wildfly.extension.undertow] (MSC service thread 1-7) WFLYUT0006: Undertow AJP listener ajp listening on /127.0.0.1:8109
2016-05-05 14:57:21,775 INFO  [org.wildfly.extension.undertow] (MSC service thread 1-8) WFLYUT0006: Undertow HTTP listener default listening on /127.0.0.1:8180
2016-05-05 14:57:21,779 INFO  [org.jboss.modcluster] (ServerService Thread Pool -- 62) MODCLUSTER000001: Initializing mod_cluster version 1.3.1.Final
2016-05-05 14:57:21,799 INFO  [org.jboss.modcluster] (ServerService Thread Pool -- 62) MODCLUSTER000032: Listening to proxy advertisements on /224.0.1.105:23364
2016-05-05 14:57:22,053 INFO  [org.jboss.as.server.deployment] (MSC service thread 1-1) WFLYSRV0027: Starting deployment of "cluster-test.war" (runtime-name: "cluster-test.war")
2016-05-05 14:57:22,084 INFO  [org.jboss.ws.common.management] (MSC service thread 1-6) JBWS022052: Starting JBoss Web Services - Stack CXF Server 5.0.0.Final
2016-05-05 14:57:22,751 WARNING [org.jgroups.protocols.UDP] (MSC service thread 1-8) JGRP000015: the send buffer of socket DatagramSocket was set to 640KB, but the OS only allocated 212.99KB. This might lead to performance problems. Please set your max send buffer in the OS correctly (e.g. net.core.wmem_max on Linux)
2016-05-05 14:57:22,753 WARNING [org.jgroups.protocols.UDP] (MSC service thread 1-8) JGRP000015: the receive buffer of socket DatagramSocket was set to 20MB, but the OS only allocated 212.99KB. This might lead to performance problems. Please set your max receive buffer in the OS correctly (e.g. net.core.rmem_max on Linux)
2016-05-05 14:57:22,753 WARNING [org.jgroups.protocols.UDP] (MSC service thread 1-8) JGRP000015: the send buffer of socket MulticastSocket was set to 640KB, but the OS only allocated 212.99KB. This might lead to performance problems. Please set your max send buffer in the OS correctly (e.g. net.core.wmem_max on Linux)
2016-05-05 14:57:22,754 WARNING [org.jgroups.protocols.UDP] (MSC service thread 1-8) JGRP000015: the receive buffer of socket MulticastSocket was set to 25MB, but the OS only allocated 212.99KB. This might lead to performance problems. Please set your max receive buffer in the OS correctly (e.g. net.core.rmem_max on Linux)
2016-05-05 14:57:22,758 INFO  [stdout] (MSC service thread 1-8) 
2016-05-05 14:57:22,758 INFO  [stdout] (MSC service thread 1-8) -------------------------------------------------------------------
2016-05-05 14:57:22,759 INFO  [stdout] (MSC service thread 1-8) GMS: address=host-1:REST-server-1, cluster=ee, physical address=127.0.0.1:55300
2016-05-05 14:57:22,759 INFO  [stdout] (MSC service thread 1-8) -------------------------------------------------------------------
2016-05-05 14:57:25,916 INFO  [org.infinispan.configuration.cache.EvictionConfigurationBuilder] (ServerService Thread Pool -- 62) ISPN000152: Passivation configured without an eviction policy being selected. Only manually evicted entities will be passivated.
2016-05-05 14:57:25,924 INFO  [org.infinispan.configuration.cache.EvictionConfigurationBuilder] (ServerService Thread Pool -- 62) ISPN000152: Passivation configured without an eviction policy being selected. Only manually evicted entities will be passivated.
2016-05-05 14:57:25,931 INFO  [org.infinispan.configuration.cache.EvictionConfigurationBuilder] (ServerService Thread Pool -- 64) ISPN000152: Passivation configured without an eviction policy being selected. Only manually evicted entities will be passivated.
2016-05-05 14:57:25,932 INFO  [org.infinispan.configuration.cache.EvictionConfigurationBuilder] (ServerService Thread Pool -- 64) ISPN000152: Passivation configured without an eviction policy being selected. Only manually evicted entities will be passivated.
2016-05-05 14:57:26,282 INFO  [org.infinispan.remoting.transport.jgroups.JGroupsTransport] (ServerService Thread Pool -- 63) ISPN000078: Starting JGroups channel web
2016-05-05 14:57:26,300 INFO  [org.infinispan.remoting.transport.jgroups.JGroupsTransport] (ServerService Thread Pool -- 63) ISPN000094: Received new cluster view for channel web: [host-1:REST-server-1|0] (1) [host-1:REST-server-1]
2016-05-05 14:57:26,311 INFO  [org.infinispan.remoting.transport.jgroups.JGroupsTransport] (ServerService Thread Pool -- 63) ISPN000079: Channel web local address is host-1:REST-server-1, physical addresses are [127.0.0.1:55300]
2016-05-05 14:57:26,317 INFO  [org.infinispan.factories.GlobalComponentRegistry] (ServerService Thread Pool -- 63) ISPN000128: Infinispan version: Infinispan 'Insanely Bad Elf' 7.2.3.Final
2016-05-05 14:57:26,624 INFO  [org.jboss.as.clustering.infinispan] (ServerService Thread Pool -- 62) WFLYCLINF0002: Started cluster-test.war cache from web container
2016-05-05 14:57:26,624 INFO  [org.jboss.as.clustering.infinispan] (ServerService Thread Pool -- 63) WFLYCLINF0002: Started dist cache from web container
2016-05-05 14:57:31,832 INFO  [org.infinispan.remoting.transport.jgroups.JGroupsTransport] (Incoming-2,ee,host-1:REST-server-1) ISPN000094: Received new cluster view for channel web: [host-1:REST-server-1|1] (2) [host-1:REST-server-1, host-2:REST-server-2]
2016-05-05 14:57:32,785 INFO  [org.infinispan.CLUSTER] (remote-thread--p3-t2) ISPN000310: Starting cluster-wide rebalance for cache cluster-test.war, topology CacheTopology{id=1, rebalanceId=1, currentCH=DefaultConsistentHash{ns=80, owners = (1)[host-1:REST-server-1: 80+0]}, pendingCH=DefaultConsistentHash{ns=80, owners = (2)[host-1:REST-server-1: 40+40, host-2:REST-server-2: 40+40]}, unionCH=null, actualMembers=[host-1:REST-server-1, host-2:REST-server-2]}
2016-05-05 14:57:32,795 INFO  [org.infinispan.CLUSTER] (remote-thread--p3-t3) ISPN000310: Starting cluster-wide rebalance for cache dist, topology CacheTopology{id=1, rebalanceId=1, currentCH=DefaultConsistentHash{ns=80, owners = (1)[host-1:REST-server-1: 80+0]}, pendingCH=DefaultConsistentHash{ns=80, owners = (2)[host-1:REST-server-1: 40+40, host-2:REST-server-2: 40+40]}, unionCH=null, actualMembers=[host-1:REST-server-1, host-2:REST-server-2]}
2016-05-05 14:57:32,952 INFO  [org.infinispan.CLUSTER] (remote-thread--p3-t3) ISPN000336: Finished cluster-wide rebalance for cache cluster-test.war, topology id = 1
2016-05-05 14:57:33,009 INFO  [org.infinispan.CLUSTER] (remote-thread--p3-t3) ISPN000336: Finished cluster-wide rebalance for cache dist, topology id = 1
2016-05-05 14:58:11,874 INFO  [org.jboss.as.connector.subsystems.datasources] (MSC service thread 1-6) WFLYJCA0001: Bound data source [java:jboss/datasources/ExampleDS]
2016-05-05 14:58:12,471 INFO  [org.wildfly.extension.undertow] (ServerService Thread Pool -- 66) WFLYUT0021: Registered web context: /cluster-test
2016-05-05 14:58:12,592 INFO  [org.jboss.as.server] (Controller Boot Thread) WFLYSRV0010: Deployed "cluster-test.war" (runtime-name : "cluster-test.war")
2016-05-05 14:58:12,925 INFO  [org.jboss.as] (Controller Boot Thread) WFLYSRV0025: WildFly Full 9.0.2.Final (WildFly Core 1.0.2.Final) started in 105999ms - Started 327 of 508 services (281 services are lazy, passive or on-demand)
2016-05-05 14:59:23,877 INFO  [stdout] (default task-1) ********************************+
2016-05-05 14:59:23,878 INFO  [stdout] (default task-1) Visitor(s): 0
2016-05-05 14:59:23,878 INFO  [stdout] (default task-1) ********************************+
2016-05-05 15:02:28,068 INFO  [stdout] (default task-2) ********************************+
2016-05-05 15:02:28,069 INFO  [stdout] (default task-2) Visitor(s): 0
2016-05-05 15:02:28,069 INFO  [stdout] (default task-2) ********************************+
2016-05-05 15:02:33,489 INFO  [stdout] (default task-3) ********************************+
2016-05-05 15:02:33,493 INFO  [stdout] (default task-3) Visitor(s): 2
2016-05-05 15:02:33,493 INFO  [stdout] (default task-3) ********************************+
2016-05-05 15:02:57,798 INFO  [stdout] (default task-4) ********************************+
2016-05-05 15:02:57,799 INFO  [stdout] (default task-4) Visitor(s): 3
2016-05-05 15:02:57,799 INFO  [stdout] (default task-4) ********************************+
2016-05-05 15:04:58,258 INFO  [org.infinispan.remoting.transport.jgroups.JGroupsTransport] (Incoming-12,ee,host-1:REST-server-1) ISPN000094: Received new cluster view for channel web: [host-1:REST-server-1|2] (1) [host-1:REST-server-1]
2016-05-05 15:04:59,553 INFO  [org.jboss.as.server] (Thread-2) WFLYSRV0220: Server shutdown has been requested.
2016-05-05 15:04:59,576 INFO  [org.wildfly.extension.undertow] (ServerService Thread Pool -- 70) WFLYUT0022: Unregistered web context: /cluster-test
2016-05-05 15:04:59,615 INFO  [org.wildfly.extension.undertow] (MSC service thread 1-7) WFLYUT0019: Host default-host stopping
2016-05-05 15:04:59,641 INFO  [org.jboss.as.connector.subsystems.datasources] (MSC service thread 1-3) WFLYJCA0010: Unbound data source [java:jboss/datasources/ExampleDS]
2016-05-05 15:04:59,633 INFO  [org.infinispan.eviction.impl.PassivationManagerImpl] (ServerService Thread Pool -- 70) ISPN000029: Passivating all entries to disk
2016-05-05 15:04:59,657 INFO  [org.infinispan.eviction.impl.PassivationManagerImpl] (ServerService Thread Pool -- 69) ISPN000029: Passivating all entries to disk
2016-05-05 15:04:59,658 INFO  [org.infinispan.eviction.impl.PassivationManagerImpl] (ServerService Thread Pool -- 69) ISPN000030: Passivated 0 entries in 0 milliseconds
2016-05-05 15:04:59,651 INFO  [org.jboss.modcluster] (ServerService Thread Pool -- 71) MODCLUSTER000002: Initiating mod_cluster shutdown
2016-05-05 15:04:59,708 INFO  [org.infinispan.eviction.impl.PassivationManagerImpl] (ServerService Thread Pool -- 70) ISPN000030: Passivated 8 entries in 74 milliseconds
2016-05-05 15:04:59,709 INFO  [org.jboss.as.clustering.infinispan] (ServerService Thread Pool -- 69) WFLYCLINF0003: Stopped dist cache from web container
2016-05-05 15:04:59,719 INFO  [org.jboss.as.connector.deployers.jdbc] (MSC service thread 1-1) WFLYJCA0019: Stopped Driver service with driver-name = h2
2016-05-05 15:04:59,732 INFO  [org.jboss.as.clustering.infinispan] (ServerService Thread Pool -- 70) WFLYCLINF0003: Stopped cluster-test.war cache from web container
2016-05-05 15:04:59,734 INFO  [org.infinispan.remoting.transport.jgroups.JGroupsTransport] (MSC service thread 1-1) ISPN000080: Disconnecting JGroups channel web
2016-05-05 15:04:59,735 INFO  [org.infinispan.remoting.transport.jgroups.JGroupsTransport] (MSC service thread 1-1) ISPN000082: Stopping the RpcDispatcher for channel web
2016-05-05 15:04:59,780 INFO  [org.hibernate.validator.internal.util.Version] (MSC service thread 1-7) HV000001: Hibernate Validator 5.1.3.Final
2016-05-05 15:04:59,851 INFO  [org.wildfly.extension.undertow] (MSC service thread 1-4) WFLYUT0008: Undertow AJP listener ajp suspending
2016-05-05 15:04:59,851 INFO  [org.jboss.as.server.deployment] (MSC service thread 1-3) WFLYSRV0028: Stopped deployment cluster-test.war (runtime-name: cluster-test.war) in 291ms
2016-05-05 15:04:59,852 INFO  [org.wildfly.extension.undertow] (MSC service thread 1-8) WFLYUT0008: Undertow HTTP listener default suspending
2016-05-05 15:04:59,864 INFO  [org.wildfly.extension.undertow] (MSC service thread 1-4) WFLYUT0007: Undertow AJP listener ajp stopped, was bound to /127.0.0.1:8109
2016-05-05 15:04:59,865 INFO  [org.wildfly.extension.undertow] (MSC service thread 1-8) WFLYUT0007: Undertow HTTP listener default stopped, was bound to /127.0.0.1:8180
2016-05-05 15:04:59,866 INFO  [org.wildfly.extension.undertow] (MSC service thread 1-8) WFLYUT0004: Undertow 1.2.9.Final stopping
2016-05-05 15:04:59,899 INFO  [org.jboss.as] (MSC service thread 1-8) WFLYSRV0050: WildFly Full 9.0.2.Final (WildFly Core 1.0.2.Final) stopped in 314ms
